[2025-11-07T13:37:32.242+0000] {processor.py:186} INFO - Started process (PID=186) to work on /opt/airflow/dags/milvus_semantic_dag.py
[2025-11-07T13:37:32.243+0000] {processor.py:914} INFO - Processing file /opt/airflow/dags/milvus_semantic_dag.py for tasks to queue
[2025-11-07T13:37:32.247+0000] {logging_mixin.py:190} INFO - [2025-11-07T13:37:32.247+0000] {dagbag.py:588} INFO - Filling up the DagBag from /opt/airflow/dags/milvus_semantic_dag.py
[2025-11-07T13:37:34.172+0000] {processor.py:925} INFO - DAG(s) 'milvus_semantic_dag' retrieved from /opt/airflow/dags/milvus_semantic_dag.py
[2025-11-07T13:37:34.470+0000] {logging_mixin.py:190} INFO - [2025-11-07T13:37:34.470+0000] {override.py:1900} INFO - Created Permission View: can delete on DAG:milvus_semantic_dag
[2025-11-07T13:37:34.480+0000] {logging_mixin.py:190} INFO - [2025-11-07T13:37:34.480+0000] {override.py:1900} INFO - Created Permission View: can read on DAG:milvus_semantic_dag
[2025-11-07T13:37:34.487+0000] {logging_mixin.py:190} INFO - [2025-11-07T13:37:34.486+0000] {override.py:1900} INFO - Created Permission View: can edit on DAG:milvus_semantic_dag
[2025-11-07T13:37:34.493+0000] {logging_mixin.py:190} INFO - [2025-11-07T13:37:34.493+0000] {override.py:1900} INFO - Created Permission View: menu access on DAG Run:milvus_semantic_dag
[2025-11-07T13:37:34.501+0000] {logging_mixin.py:190} INFO - [2025-11-07T13:37:34.500+0000] {override.py:1900} INFO - Created Permission View: can delete on DAG Run:milvus_semantic_dag
[2025-11-07T13:37:34.506+0000] {logging_mixin.py:190} INFO - [2025-11-07T13:37:34.506+0000] {override.py:1900} INFO - Created Permission View: can read on DAG Run:milvus_semantic_dag
[2025-11-07T13:37:34.512+0000] {logging_mixin.py:190} INFO - [2025-11-07T13:37:34.512+0000] {override.py:1900} INFO - Created Permission View: can create on DAG Run:milvus_semantic_dag
[2025-11-07T13:37:34.513+0000] {logging_mixin.py:190} INFO - [2025-11-07T13:37:34.513+0000] {dag.py:3239} INFO - Sync 1 DAGs
[2025-11-07T13:37:34.541+0000] {logging_mixin.py:190} INFO - [2025-11-07T13:37:34.540+0000] {dag.py:3262} INFO - Creating ORM DAG for milvus_semantic_dag
[2025-11-07T13:37:34.542+0000] {logging_mixin.py:190} INFO - [2025-11-07T13:37:34.542+0000] {dag.py:4180} INFO - Setting next_dagrun for milvus_semantic_dag to None, run_after=None
[2025-11-07T13:37:34.572+0000] {processor.py:208} INFO - Processing /opt/airflow/dags/milvus_semantic_dag.py took 2.340 seconds
[2025-11-07T13:38:04.908+0000] {processor.py:186} INFO - Started process (PID=192) to work on /opt/airflow/dags/milvus_semantic_dag.py
[2025-11-07T13:38:04.911+0000] {processor.py:914} INFO - Processing file /opt/airflow/dags/milvus_semantic_dag.py for tasks to queue
[2025-11-07T13:38:04.929+0000] {logging_mixin.py:190} INFO - [2025-11-07T13:38:04.927+0000] {dagbag.py:588} INFO - Filling up the DagBag from /opt/airflow/dags/milvus_semantic_dag.py
[2025-11-07T13:38:07.388+0000] {processor.py:925} INFO - DAG(s) 'milvus_semantic_dag' retrieved from /opt/airflow/dags/milvus_semantic_dag.py
[2025-11-07T13:38:07.473+0000] {logging_mixin.py:190} INFO - [2025-11-07T13:38:07.473+0000] {dag.py:3239} INFO - Sync 1 DAGs
[2025-11-07T13:38:07.490+0000] {logging_mixin.py:190} INFO - [2025-11-07T13:38:07.489+0000] {dag.py:4180} INFO - Setting next_dagrun for milvus_semantic_dag to None, run_after=None
[2025-11-07T13:38:07.531+0000] {processor.py:208} INFO - Processing /opt/airflow/dags/milvus_semantic_dag.py took 2.663 seconds
[2025-11-07T13:38:32.469+0000] {processor.py:186} INFO - Started process (PID=222) to work on /opt/airflow/dags/milvus_semantic_dag.py
[2025-11-07T13:38:32.487+0000] {processor.py:914} INFO - Processing file /opt/airflow/dags/milvus_semantic_dag.py for tasks to queue
[2025-11-07T13:38:32.512+0000] {logging_mixin.py:190} INFO - [2025-11-07T13:38:32.510+0000] {dagbag.py:588} INFO - Filling up the DagBag from /opt/airflow/dags/milvus_semantic_dag.py
[2025-11-07T13:38:37.547+0000] {processor.py:925} INFO - DAG(s) 'milvus_semantic_dag' retrieved from /opt/airflow/dags/milvus_semantic_dag.py
[2025-11-07T13:38:39.006+0000] {logging_mixin.py:190} INFO - [2025-11-07T13:38:39.005+0000] {taskinstance.py:3312} ERROR - {'DAG Id': 'milvus_semantic_dag', 'Task Id': 'run_milvus_pipeline', 'Run Id': 'manual__2025-11-07T13:38:18.679876+00:00', 'Hostname': 'a6f77716e6ee'}
[2025-11-07T13:38:39.265+0000] {logging_mixin.py:190} INFO - [2025-11-07T13:38:39.265+0000] {taskinstance.py:1225} INFO - Marking task as FAILED. dag_id=milvus_semantic_dag, task_id=run_milvus_pipeline, run_id=manual__2025-11-07T13:38:18.679876+00:00, execution_date=20251107T133818, start_date=20251107T133823, end_date=20251107T133839
[2025-11-07T13:38:39.341+0000] {logging_mixin.py:190} INFO - [2025-11-07T13:38:39.341+0000] {processor.py:876} INFO - Executed callback for <TaskInstance: milvus_semantic_dag.run_milvus_pipeline manual__2025-11-07T13:38:18.679876+00:00 [failed]> in state failed
[2025-11-07T13:38:39.391+0000] {logging_mixin.py:190} INFO - [2025-11-07T13:38:39.390+0000] {dag.py:3239} INFO - Sync 1 DAGs
[2025-11-07T13:38:39.444+0000] {logging_mixin.py:190} INFO - [2025-11-07T13:38:39.443+0000] {dag.py:4180} INFO - Setting next_dagrun for milvus_semantic_dag to None, run_after=None
[2025-11-07T13:38:39.486+0000] {processor.py:208} INFO - Processing /opt/airflow/dags/milvus_semantic_dag.py took 7.077 seconds
[2025-11-07T13:39:10.373+0000] {processor.py:186} INFO - Started process (PID=228) to work on /opt/airflow/dags/milvus_semantic_dag.py
[2025-11-07T13:39:10.386+0000] {processor.py:914} INFO - Processing file /opt/airflow/dags/milvus_semantic_dag.py for tasks to queue
[2025-11-07T13:39:10.434+0000] {logging_mixin.py:190} INFO - [2025-11-07T13:39:10.428+0000] {dagbag.py:588} INFO - Filling up the DagBag from /opt/airflow/dags/milvus_semantic_dag.py
[2025-11-07T13:39:17.320+0000] {processor.py:925} INFO - DAG(s) 'milvus_semantic_dag' retrieved from /opt/airflow/dags/milvus_semantic_dag.py
[2025-11-07T13:39:17.419+0000] {logging_mixin.py:190} INFO - [2025-11-07T13:39:17.419+0000] {dag.py:3239} INFO - Sync 1 DAGs
[2025-11-07T13:39:17.473+0000] {logging_mixin.py:190} INFO - [2025-11-07T13:39:17.473+0000] {dag.py:4180} INFO - Setting next_dagrun for milvus_semantic_dag to None, run_after=None
[2025-11-07T13:39:17.546+0000] {processor.py:208} INFO - Processing /opt/airflow/dags/milvus_semantic_dag.py took 7.251 seconds
[2025-11-07T13:39:48.460+0000] {processor.py:186} INFO - Started process (PID=234) to work on /opt/airflow/dags/milvus_semantic_dag.py
[2025-11-07T13:39:48.489+0000] {processor.py:914} INFO - Processing file /opt/airflow/dags/milvus_semantic_dag.py for tasks to queue
[2025-11-07T13:39:48.561+0000] {logging_mixin.py:190} INFO - [2025-11-07T13:39:48.560+0000] {dagbag.py:588} INFO - Filling up the DagBag from /opt/airflow/dags/milvus_semantic_dag.py
[2025-11-07T13:39:52.173+0000] {processor.py:925} INFO - DAG(s) 'milvus_semantic_dag' retrieved from /opt/airflow/dags/milvus_semantic_dag.py
[2025-11-07T13:39:52.334+0000] {logging_mixin.py:190} INFO - [2025-11-07T13:39:52.333+0000] {dag.py:3239} INFO - Sync 1 DAGs
[2025-11-07T13:39:52.383+0000] {logging_mixin.py:190} INFO - [2025-11-07T13:39:52.383+0000] {dag.py:4180} INFO - Setting next_dagrun for milvus_semantic_dag to None, run_after=None
[2025-11-07T13:39:52.446+0000] {processor.py:208} INFO - Processing /opt/airflow/dags/milvus_semantic_dag.py took 4.023 seconds
[2025-11-07T13:40:23.404+0000] {processor.py:186} INFO - Started process (PID=240) to work on /opt/airflow/dags/milvus_semantic_dag.py
[2025-11-07T13:40:23.407+0000] {processor.py:914} INFO - Processing file /opt/airflow/dags/milvus_semantic_dag.py for tasks to queue
[2025-11-07T13:40:23.412+0000] {logging_mixin.py:190} INFO - [2025-11-07T13:40:23.411+0000] {dagbag.py:588} INFO - Filling up the DagBag from /opt/airflow/dags/milvus_semantic_dag.py
[2025-11-07T13:40:25.031+0000] {processor.py:925} INFO - DAG(s) 'milvus_semantic_dag' retrieved from /opt/airflow/dags/milvus_semantic_dag.py
[2025-11-07T13:40:25.105+0000] {logging_mixin.py:190} INFO - [2025-11-07T13:40:25.105+0000] {dag.py:3239} INFO - Sync 1 DAGs
[2025-11-07T13:40:25.129+0000] {logging_mixin.py:190} INFO - [2025-11-07T13:40:25.129+0000] {dag.py:4180} INFO - Setting next_dagrun for milvus_semantic_dag to None, run_after=None
[2025-11-07T13:40:25.215+0000] {processor.py:208} INFO - Processing /opt/airflow/dags/milvus_semantic_dag.py took 1.820 seconds
[2025-11-07T13:40:56.126+0000] {processor.py:186} INFO - Started process (PID=246) to work on /opt/airflow/dags/milvus_semantic_dag.py
[2025-11-07T13:40:56.129+0000] {processor.py:914} INFO - Processing file /opt/airflow/dags/milvus_semantic_dag.py for tasks to queue
[2025-11-07T13:40:56.140+0000] {logging_mixin.py:190} INFO - [2025-11-07T13:40:56.139+0000] {dagbag.py:588} INFO - Filling up the DagBag from /opt/airflow/dags/milvus_semantic_dag.py
[2025-11-07T13:40:58.698+0000] {processor.py:925} INFO - DAG(s) 'milvus_semantic_dag' retrieved from /opt/airflow/dags/milvus_semantic_dag.py
[2025-11-07T13:40:58.906+0000] {logging_mixin.py:190} INFO - [2025-11-07T13:40:58.905+0000] {dag.py:3239} INFO - Sync 1 DAGs
[2025-11-07T13:40:58.942+0000] {logging_mixin.py:190} INFO - [2025-11-07T13:40:58.942+0000] {dag.py:4180} INFO - Setting next_dagrun for milvus_semantic_dag to None, run_after=None
[2025-11-07T13:40:58.990+0000] {processor.py:208} INFO - Processing /opt/airflow/dags/milvus_semantic_dag.py took 2.929 seconds
[2025-11-07T13:41:29.435+0000] {processor.py:186} INFO - Started process (PID=252) to work on /opt/airflow/dags/milvus_semantic_dag.py
[2025-11-07T13:41:29.437+0000] {processor.py:914} INFO - Processing file /opt/airflow/dags/milvus_semantic_dag.py for tasks to queue
[2025-11-07T13:41:29.483+0000] {logging_mixin.py:190} INFO - [2025-11-07T13:41:29.480+0000] {dagbag.py:588} INFO - Filling up the DagBag from /opt/airflow/dags/milvus_semantic_dag.py
[2025-11-07T13:41:31.196+0000] {processor.py:925} INFO - DAG(s) 'milvus_semantic_dag' retrieved from /opt/airflow/dags/milvus_semantic_dag.py
[2025-11-07T13:41:31.279+0000] {logging_mixin.py:190} INFO - [2025-11-07T13:41:31.279+0000] {dag.py:3239} INFO - Sync 1 DAGs
[2025-11-07T13:41:31.314+0000] {logging_mixin.py:190} INFO - [2025-11-07T13:41:31.314+0000] {dag.py:4180} INFO - Setting next_dagrun for milvus_semantic_dag to None, run_after=None
[2025-11-07T13:41:31.377+0000] {processor.py:208} INFO - Processing /opt/airflow/dags/milvus_semantic_dag.py took 2.020 seconds
[2025-11-07T13:42:01.571+0000] {processor.py:186} INFO - Started process (PID=258) to work on /opt/airflow/dags/milvus_semantic_dag.py
[2025-11-07T13:42:01.573+0000] {processor.py:914} INFO - Processing file /opt/airflow/dags/milvus_semantic_dag.py for tasks to queue
[2025-11-07T13:42:01.575+0000] {logging_mixin.py:190} INFO - [2025-11-07T13:42:01.575+0000] {dagbag.py:588} INFO - Filling up the DagBag from /opt/airflow/dags/milvus_semantic_dag.py
[2025-11-07T13:42:02.350+0000] {processor.py:925} INFO - DAG(s) 'milvus_semantic_dag' retrieved from /opt/airflow/dags/milvus_semantic_dag.py
[2025-11-07T13:42:02.410+0000] {logging_mixin.py:190} INFO - [2025-11-07T13:42:02.409+0000] {dag.py:3239} INFO - Sync 1 DAGs
[2025-11-07T13:42:02.428+0000] {logging_mixin.py:190} INFO - [2025-11-07T13:42:02.428+0000] {dag.py:4180} INFO - Setting next_dagrun for milvus_semantic_dag to None, run_after=None
[2025-11-07T13:42:02.458+0000] {processor.py:208} INFO - Processing /opt/airflow/dags/milvus_semantic_dag.py took 0.893 seconds
[2025-11-07T13:42:32.717+0000] {processor.py:186} INFO - Started process (PID=264) to work on /opt/airflow/dags/milvus_semantic_dag.py
[2025-11-07T13:42:32.718+0000] {processor.py:914} INFO - Processing file /opt/airflow/dags/milvus_semantic_dag.py for tasks to queue
[2025-11-07T13:42:32.721+0000] {logging_mixin.py:190} INFO - [2025-11-07T13:42:32.720+0000] {dagbag.py:588} INFO - Filling up the DagBag from /opt/airflow/dags/milvus_semantic_dag.py
[2025-11-07T13:42:33.393+0000] {processor.py:925} INFO - DAG(s) 'milvus_semantic_dag' retrieved from /opt/airflow/dags/milvus_semantic_dag.py
[2025-11-07T13:42:33.544+0000] {logging_mixin.py:190} INFO - [2025-11-07T13:42:33.543+0000] {dag.py:3239} INFO - Sync 1 DAGs
[2025-11-07T13:42:33.599+0000] {logging_mixin.py:190} INFO - [2025-11-07T13:42:33.599+0000] {dag.py:4180} INFO - Setting next_dagrun for milvus_semantic_dag to None, run_after=None
[2025-11-07T13:42:33.649+0000] {processor.py:208} INFO - Processing /opt/airflow/dags/milvus_semantic_dag.py took 0.938 seconds
[2025-11-07T13:43:03.962+0000] {processor.py:186} INFO - Started process (PID=270) to work on /opt/airflow/dags/milvus_semantic_dag.py
[2025-11-07T13:43:03.965+0000] {processor.py:914} INFO - Processing file /opt/airflow/dags/milvus_semantic_dag.py for tasks to queue
[2025-11-07T13:43:03.976+0000] {logging_mixin.py:190} INFO - [2025-11-07T13:43:03.974+0000] {dagbag.py:588} INFO - Filling up the DagBag from /opt/airflow/dags/milvus_semantic_dag.py
[2025-11-07T13:43:04.595+0000] {processor.py:925} INFO - DAG(s) 'milvus_semantic_dag' retrieved from /opt/airflow/dags/milvus_semantic_dag.py
[2025-11-07T13:43:04.707+0000] {logging_mixin.py:190} INFO - [2025-11-07T13:43:04.707+0000] {dag.py:3239} INFO - Sync 1 DAGs
[2025-11-07T13:43:04.725+0000] {logging_mixin.py:190} INFO - [2025-11-07T13:43:04.725+0000] {dag.py:4180} INFO - Setting next_dagrun for milvus_semantic_dag to None, run_after=None
[2025-11-07T13:43:04.762+0000] {processor.py:208} INFO - Processing /opt/airflow/dags/milvus_semantic_dag.py took 0.835 seconds
[2025-11-07T13:43:34.996+0000] {processor.py:186} INFO - Started process (PID=276) to work on /opt/airflow/dags/milvus_semantic_dag.py
[2025-11-07T13:43:34.997+0000] {processor.py:914} INFO - Processing file /opt/airflow/dags/milvus_semantic_dag.py for tasks to queue
[2025-11-07T13:43:34.999+0000] {logging_mixin.py:190} INFO - [2025-11-07T13:43:34.999+0000] {dagbag.py:588} INFO - Filling up the DagBag from /opt/airflow/dags/milvus_semantic_dag.py
[2025-11-07T13:43:35.506+0000] {processor.py:925} INFO - DAG(s) 'milvus_semantic_dag' retrieved from /opt/airflow/dags/milvus_semantic_dag.py
[2025-11-07T13:43:35.661+0000] {logging_mixin.py:190} INFO - [2025-11-07T13:43:35.660+0000] {dag.py:3239} INFO - Sync 1 DAGs
[2025-11-07T13:43:35.698+0000] {logging_mixin.py:190} INFO - [2025-11-07T13:43:35.697+0000] {dag.py:4180} INFO - Setting next_dagrun for milvus_semantic_dag to None, run_after=None
[2025-11-07T13:43:35.778+0000] {processor.py:208} INFO - Processing /opt/airflow/dags/milvus_semantic_dag.py took 0.786 seconds
[2025-11-07T13:44:06.273+0000] {processor.py:186} INFO - Started process (PID=283) to work on /opt/airflow/dags/milvus_semantic_dag.py
[2025-11-07T13:44:06.287+0000] {processor.py:914} INFO - Processing file /opt/airflow/dags/milvus_semantic_dag.py for tasks to queue
[2025-11-07T13:44:06.335+0000] {logging_mixin.py:190} INFO - [2025-11-07T13:44:06.333+0000] {dagbag.py:588} INFO - Filling up the DagBag from /opt/airflow/dags/milvus_semantic_dag.py
[2025-11-07T13:44:13.013+0000] {processor.py:925} INFO - DAG(s) 'milvus_semantic_dag' retrieved from /opt/airflow/dags/milvus_semantic_dag.py
[2025-11-07T13:44:13.210+0000] {logging_mixin.py:190} INFO - [2025-11-07T13:44:13.209+0000] {dag.py:3239} INFO - Sync 1 DAGs
[2025-11-07T13:44:13.286+0000] {logging_mixin.py:190} INFO - [2025-11-07T13:44:13.285+0000] {dag.py:4180} INFO - Setting next_dagrun for milvus_semantic_dag to None, run_after=None
[2025-11-07T13:44:13.325+0000] {processor.py:208} INFO - Processing /opt/airflow/dags/milvus_semantic_dag.py took 7.190 seconds
[2025-11-07T13:44:25.303+0000] {processor.py:186} INFO - Started process (PID=312) to work on /opt/airflow/dags/milvus_semantic_dag.py
[2025-11-07T13:44:25.307+0000] {processor.py:914} INFO - Processing file /opt/airflow/dags/milvus_semantic_dag.py for tasks to queue
[2025-11-07T13:44:25.332+0000] {logging_mixin.py:190} INFO - [2025-11-07T13:44:25.329+0000] {dagbag.py:588} INFO - Filling up the DagBag from /opt/airflow/dags/milvus_semantic_dag.py
[2025-11-07T13:44:26.305+0000] {processor.py:925} INFO - DAG(s) 'milvus_semantic_dag' retrieved from /opt/airflow/dags/milvus_semantic_dag.py
[2025-11-07T13:44:26.425+0000] {logging_mixin.py:190} INFO - [2025-11-07T13:44:26.425+0000] {taskinstance.py:3312} ERROR - {'DAG Id': 'milvus_semantic_dag', 'Task Id': 'run_milvus_pipeline', 'Run Id': 'manual__2025-11-07T13:44:04.858391+00:00', 'Hostname': 'a6f77716e6ee'}
[2025-11-07T13:44:26.448+0000] {logging_mixin.py:190} INFO - [2025-11-07T13:44:26.447+0000] {taskinstance.py:1225} INFO - Marking task as FAILED. dag_id=milvus_semantic_dag, task_id=run_milvus_pipeline, run_id=manual__2025-11-07T13:44:04.858391+00:00, execution_date=20251107T134404, start_date=20251107T134413, end_date=20251107T134426
[2025-11-07T13:44:26.473+0000] {logging_mixin.py:190} INFO - [2025-11-07T13:44:26.473+0000] {processor.py:876} INFO - Executed callback for <TaskInstance: milvus_semantic_dag.run_milvus_pipeline manual__2025-11-07T13:44:04.858391+00:00 [failed]> in state failed
[2025-11-07T13:44:26.485+0000] {logging_mixin.py:190} INFO - [2025-11-07T13:44:26.485+0000] {dag.py:3239} INFO - Sync 1 DAGs
[2025-11-07T13:44:26.521+0000] {logging_mixin.py:190} INFO - [2025-11-07T13:44:26.521+0000] {dag.py:4180} INFO - Setting next_dagrun for milvus_semantic_dag to None, run_after=None
[2025-11-07T13:44:26.542+0000] {processor.py:208} INFO - Processing /opt/airflow/dags/milvus_semantic_dag.py took 1.264 seconds
[2025-11-07T13:44:56.764+0000] {processor.py:186} INFO - Started process (PID=318) to work on /opt/airflow/dags/milvus_semantic_dag.py
[2025-11-07T13:44:56.766+0000] {processor.py:914} INFO - Processing file /opt/airflow/dags/milvus_semantic_dag.py for tasks to queue
[2025-11-07T13:44:56.770+0000] {logging_mixin.py:190} INFO - [2025-11-07T13:44:56.770+0000] {dagbag.py:588} INFO - Filling up the DagBag from /opt/airflow/dags/milvus_semantic_dag.py
[2025-11-07T13:44:59.791+0000] {processor.py:925} INFO - DAG(s) 'milvus_semantic_dag' retrieved from /opt/airflow/dags/milvus_semantic_dag.py
[2025-11-07T13:45:00.001+0000] {logging_mixin.py:190} INFO - [2025-11-07T13:45:00.001+0000] {dag.py:3239} INFO - Sync 1 DAGs
[2025-11-07T13:45:00.078+0000] {logging_mixin.py:190} INFO - [2025-11-07T13:45:00.077+0000] {dag.py:4180} INFO - Setting next_dagrun for milvus_semantic_dag to None, run_after=None
[2025-11-07T13:45:00.161+0000] {processor.py:208} INFO - Processing /opt/airflow/dags/milvus_semantic_dag.py took 3.411 seconds
[2025-11-07T13:45:30.484+0000] {processor.py:186} INFO - Started process (PID=324) to work on /opt/airflow/dags/milvus_semantic_dag.py
[2025-11-07T13:45:30.490+0000] {processor.py:914} INFO - Processing file /opt/airflow/dags/milvus_semantic_dag.py for tasks to queue
[2025-11-07T13:45:30.521+0000] {logging_mixin.py:190} INFO - [2025-11-07T13:45:30.517+0000] {dagbag.py:588} INFO - Filling up the DagBag from /opt/airflow/dags/milvus_semantic_dag.py
[2025-11-07T13:45:34.985+0000] {processor.py:925} INFO - DAG(s) 'milvus_semantic_dag' retrieved from /opt/airflow/dags/milvus_semantic_dag.py
[2025-11-07T13:45:35.420+0000] {logging_mixin.py:190} INFO - [2025-11-07T13:45:35.419+0000] {dag.py:3239} INFO - Sync 1 DAGs
[2025-11-07T13:45:35.478+0000] {logging_mixin.py:190} INFO - [2025-11-07T13:45:35.477+0000] {dag.py:4180} INFO - Setting next_dagrun for milvus_semantic_dag to None, run_after=None
[2025-11-07T13:45:35.547+0000] {processor.py:208} INFO - Processing /opt/airflow/dags/milvus_semantic_dag.py took 5.125 seconds
[2025-11-07T13:46:06.203+0000] {processor.py:186} INFO - Started process (PID=330) to work on /opt/airflow/dags/milvus_semantic_dag.py
[2025-11-07T13:46:06.207+0000] {processor.py:914} INFO - Processing file /opt/airflow/dags/milvus_semantic_dag.py for tasks to queue
[2025-11-07T13:46:06.218+0000] {logging_mixin.py:190} INFO - [2025-11-07T13:46:06.217+0000] {dagbag.py:588} INFO - Filling up the DagBag from /opt/airflow/dags/milvus_semantic_dag.py
[2025-11-07T13:46:09.445+0000] {processor.py:925} INFO - DAG(s) 'milvus_semantic_dag' retrieved from /opt/airflow/dags/milvus_semantic_dag.py
[2025-11-07T13:46:09.781+0000] {logging_mixin.py:190} INFO - [2025-11-07T13:46:09.779+0000] {dag.py:3239} INFO - Sync 1 DAGs
[2025-11-07T13:46:09.852+0000] {logging_mixin.py:190} INFO - [2025-11-07T13:46:09.852+0000] {dag.py:4180} INFO - Setting next_dagrun for milvus_semantic_dag to None, run_after=None
[2025-11-07T13:46:09.929+0000] {processor.py:208} INFO - Processing /opt/airflow/dags/milvus_semantic_dag.py took 3.743 seconds
[2025-11-07T13:46:40.294+0000] {processor.py:186} INFO - Started process (PID=336) to work on /opt/airflow/dags/milvus_semantic_dag.py
[2025-11-07T13:46:40.299+0000] {processor.py:914} INFO - Processing file /opt/airflow/dags/milvus_semantic_dag.py for tasks to queue
[2025-11-07T13:46:40.335+0000] {logging_mixin.py:190} INFO - [2025-11-07T13:46:40.329+0000] {dagbag.py:588} INFO - Filling up the DagBag from /opt/airflow/dags/milvus_semantic_dag.py
[2025-11-07T13:46:44.241+0000] {processor.py:925} INFO - DAG(s) 'milvus_semantic_dag' retrieved from /opt/airflow/dags/milvus_semantic_dag.py
[2025-11-07T13:46:44.458+0000] {logging_mixin.py:190} INFO - [2025-11-07T13:46:44.457+0000] {dag.py:3239} INFO - Sync 1 DAGs
[2025-11-07T13:46:44.531+0000] {logging_mixin.py:190} INFO - [2025-11-07T13:46:44.531+0000] {dag.py:4180} INFO - Setting next_dagrun for milvus_semantic_dag to None, run_after=None
[2025-11-07T13:46:44.609+0000] {processor.py:208} INFO - Processing /opt/airflow/dags/milvus_semantic_dag.py took 4.394 seconds
[2025-11-07T13:47:10.450+0000] {processor.py:186} INFO - Started process (PID=342) to work on /opt/airflow/dags/milvus_semantic_dag.py
[2025-11-07T13:47:10.451+0000] {processor.py:914} INFO - Processing file /opt/airflow/dags/milvus_semantic_dag.py for tasks to queue
[2025-11-07T13:47:10.465+0000] {logging_mixin.py:190} INFO - [2025-11-07T13:47:10.464+0000] {dagbag.py:588} INFO - Filling up the DagBag from /opt/airflow/dags/milvus_semantic_dag.py
[2025-11-07T13:47:11.156+0000] {processor.py:925} INFO - DAG(s) 'milvus_semantic_dag' retrieved from /opt/airflow/dags/milvus_semantic_dag.py
[2025-11-07T13:47:11.220+0000] {logging_mixin.py:190} INFO - [2025-11-07T13:47:11.220+0000] {dag.py:3239} INFO - Sync 1 DAGs
[2025-11-07T13:47:11.234+0000] {logging_mixin.py:190} INFO - [2025-11-07T13:47:11.234+0000] {dag.py:4180} INFO - Setting next_dagrun for milvus_semantic_dag to None, run_after=None
[2025-11-07T13:47:11.271+0000] {processor.py:208} INFO - Processing /opt/airflow/dags/milvus_semantic_dag.py took 0.827 seconds
[2025-11-07T13:47:42.317+0000] {processor.py:186} INFO - Started process (PID=348) to work on /opt/airflow/dags/milvus_semantic_dag.py
[2025-11-07T13:47:42.318+0000] {processor.py:914} INFO - Processing file /opt/airflow/dags/milvus_semantic_dag.py for tasks to queue
[2025-11-07T13:47:42.320+0000] {logging_mixin.py:190} INFO - [2025-11-07T13:47:42.320+0000] {dagbag.py:588} INFO - Filling up the DagBag from /opt/airflow/dags/milvus_semantic_dag.py
[2025-11-07T13:47:42.819+0000] {processor.py:925} INFO - DAG(s) 'milvus_semantic_dag' retrieved from /opt/airflow/dags/milvus_semantic_dag.py
[2025-11-07T13:47:42.908+0000] {logging_mixin.py:190} INFO - [2025-11-07T13:47:42.907+0000] {dag.py:3239} INFO - Sync 1 DAGs
[2025-11-07T13:47:42.929+0000] {logging_mixin.py:190} INFO - [2025-11-07T13:47:42.929+0000] {dag.py:4180} INFO - Setting next_dagrun for milvus_semantic_dag to None, run_after=None
[2025-11-07T13:47:42.965+0000] {processor.py:208} INFO - Processing /opt/airflow/dags/milvus_semantic_dag.py took 0.653 seconds
[2025-11-07T13:48:13.442+0000] {processor.py:186} INFO - Started process (PID=354) to work on /opt/airflow/dags/milvus_semantic_dag.py
[2025-11-07T13:48:13.444+0000] {processor.py:914} INFO - Processing file /opt/airflow/dags/milvus_semantic_dag.py for tasks to queue
[2025-11-07T13:48:13.447+0000] {logging_mixin.py:190} INFO - [2025-11-07T13:48:13.446+0000] {dagbag.py:588} INFO - Filling up the DagBag from /opt/airflow/dags/milvus_semantic_dag.py
[2025-11-07T13:48:14.212+0000] {processor.py:925} INFO - DAG(s) 'milvus_semantic_dag' retrieved from /opt/airflow/dags/milvus_semantic_dag.py
[2025-11-07T13:48:14.276+0000] {logging_mixin.py:190} INFO - [2025-11-07T13:48:14.276+0000] {dag.py:3239} INFO - Sync 1 DAGs
[2025-11-07T13:48:14.294+0000] {logging_mixin.py:190} INFO - [2025-11-07T13:48:14.294+0000] {dag.py:4180} INFO - Setting next_dagrun for milvus_semantic_dag to None, run_after=None
[2025-11-07T13:48:14.336+0000] {processor.py:208} INFO - Processing /opt/airflow/dags/milvus_semantic_dag.py took 0.900 seconds
[2025-11-07T13:48:44.672+0000] {processor.py:186} INFO - Started process (PID=360) to work on /opt/airflow/dags/milvus_semantic_dag.py
[2025-11-07T13:48:44.673+0000] {processor.py:914} INFO - Processing file /opt/airflow/dags/milvus_semantic_dag.py for tasks to queue
[2025-11-07T13:48:44.684+0000] {logging_mixin.py:190} INFO - [2025-11-07T13:48:44.682+0000] {dagbag.py:588} INFO - Filling up the DagBag from /opt/airflow/dags/milvus_semantic_dag.py
[2025-11-07T13:48:46.434+0000] {processor.py:925} INFO - DAG(s) 'milvus_semantic_dag' retrieved from /opt/airflow/dags/milvus_semantic_dag.py
[2025-11-07T13:48:46.526+0000] {logging_mixin.py:190} INFO - [2025-11-07T13:48:46.525+0000] {dag.py:3239} INFO - Sync 1 DAGs
[2025-11-07T13:48:46.565+0000] {logging_mixin.py:190} INFO - [2025-11-07T13:48:46.564+0000] {dag.py:4180} INFO - Setting next_dagrun for milvus_semantic_dag to None, run_after=None
[2025-11-07T13:48:46.616+0000] {processor.py:208} INFO - Processing /opt/airflow/dags/milvus_semantic_dag.py took 1.970 seconds
[2025-11-07T13:49:16.978+0000] {processor.py:186} INFO - Started process (PID=366) to work on /opt/airflow/dags/milvus_semantic_dag.py
[2025-11-07T13:49:16.981+0000] {processor.py:914} INFO - Processing file /opt/airflow/dags/milvus_semantic_dag.py for tasks to queue
[2025-11-07T13:49:17.005+0000] {logging_mixin.py:190} INFO - [2025-11-07T13:49:17.003+0000] {dagbag.py:588} INFO - Filling up the DagBag from /opt/airflow/dags/milvus_semantic_dag.py
[2025-11-07T13:49:19.458+0000] {processor.py:925} INFO - DAG(s) 'milvus_semantic_dag' retrieved from /opt/airflow/dags/milvus_semantic_dag.py
[2025-11-07T13:49:19.577+0000] {logging_mixin.py:190} INFO - [2025-11-07T13:49:19.576+0000] {dag.py:3239} INFO - Sync 1 DAGs
[2025-11-07T13:49:19.628+0000] {logging_mixin.py:190} INFO - [2025-11-07T13:49:19.628+0000] {dag.py:4180} INFO - Setting next_dagrun for milvus_semantic_dag to None, run_after=None
[2025-11-07T13:49:19.688+0000] {processor.py:208} INFO - Processing /opt/airflow/dags/milvus_semantic_dag.py took 2.762 seconds
[2025-11-07T13:49:49.937+0000] {processor.py:186} INFO - Started process (PID=372) to work on /opt/airflow/dags/milvus_semantic_dag.py
[2025-11-07T13:49:49.938+0000] {processor.py:914} INFO - Processing file /opt/airflow/dags/milvus_semantic_dag.py for tasks to queue
[2025-11-07T13:49:49.942+0000] {logging_mixin.py:190} INFO - [2025-11-07T13:49:49.942+0000] {dagbag.py:588} INFO - Filling up the DagBag from /opt/airflow/dags/milvus_semantic_dag.py
[2025-11-07T13:49:50.549+0000] {processor.py:925} INFO - DAG(s) 'milvus_semantic_dag' retrieved from /opt/airflow/dags/milvus_semantic_dag.py
[2025-11-07T13:49:50.630+0000] {logging_mixin.py:190} INFO - [2025-11-07T13:49:50.629+0000] {dag.py:3239} INFO - Sync 1 DAGs
[2025-11-07T13:49:50.658+0000] {logging_mixin.py:190} INFO - [2025-11-07T13:49:50.658+0000] {dag.py:4180} INFO - Setting next_dagrun for milvus_semantic_dag to None, run_after=None
[2025-11-07T13:49:50.700+0000] {processor.py:208} INFO - Processing /opt/airflow/dags/milvus_semantic_dag.py took 0.770 seconds
[2025-11-07T13:50:20.941+0000] {processor.py:186} INFO - Started process (PID=378) to work on /opt/airflow/dags/milvus_semantic_dag.py
[2025-11-07T13:50:20.942+0000] {processor.py:914} INFO - Processing file /opt/airflow/dags/milvus_semantic_dag.py for tasks to queue
[2025-11-07T13:50:20.944+0000] {logging_mixin.py:190} INFO - [2025-11-07T13:50:20.944+0000] {dagbag.py:588} INFO - Filling up the DagBag from /opt/airflow/dags/milvus_semantic_dag.py
[2025-11-07T13:50:21.433+0000] {processor.py:925} INFO - DAG(s) 'milvus_semantic_dag' retrieved from /opt/airflow/dags/milvus_semantic_dag.py
[2025-11-07T13:50:21.492+0000] {logging_mixin.py:190} INFO - [2025-11-07T13:50:21.492+0000] {dag.py:3239} INFO - Sync 1 DAGs
[2025-11-07T13:50:21.510+0000] {logging_mixin.py:190} INFO - [2025-11-07T13:50:21.510+0000] {dag.py:4180} INFO - Setting next_dagrun for milvus_semantic_dag to None, run_after=None
[2025-11-07T13:50:21.544+0000] {processor.py:208} INFO - Processing /opt/airflow/dags/milvus_semantic_dag.py took 0.609 seconds
[2025-11-07T13:50:34.419+0000] {processor.py:186} INFO - Started process (PID=384) to work on /opt/airflow/dags/milvus_semantic_dag.py
[2025-11-07T13:50:34.421+0000] {processor.py:914} INFO - Processing file /opt/airflow/dags/milvus_semantic_dag.py for tasks to queue
[2025-11-07T13:50:34.424+0000] {logging_mixin.py:190} INFO - [2025-11-07T13:50:34.424+0000] {dagbag.py:588} INFO - Filling up the DagBag from /opt/airflow/dags/milvus_semantic_dag.py
[2025-11-07T13:50:35.151+0000] {processor.py:925} INFO - DAG(s) 'milvus_semantic_dag' retrieved from /opt/airflow/dags/milvus_semantic_dag.py
[2025-11-07T13:50:35.235+0000] {logging_mixin.py:190} INFO - [2025-11-07T13:50:35.234+0000] {dag.py:3239} INFO - Sync 1 DAGs
[2025-11-07T13:50:35.271+0000] {logging_mixin.py:190} INFO - [2025-11-07T13:50:35.271+0000] {dag.py:4180} INFO - Setting next_dagrun for milvus_semantic_dag to None, run_after=None
[2025-11-07T13:50:35.319+0000] {processor.py:208} INFO - Processing /opt/airflow/dags/milvus_semantic_dag.py took 0.907 seconds
[2025-11-07T13:54:39.965+0000] {processor.py:186} INFO - Started process (PID=186) to work on /opt/airflow/dags/milvus_semantic_dag.py
[2025-11-07T13:54:39.968+0000] {processor.py:914} INFO - Processing file /opt/airflow/dags/milvus_semantic_dag.py for tasks to queue
[2025-11-07T13:54:39.971+0000] {logging_mixin.py:190} INFO - [2025-11-07T13:54:39.970+0000] {dagbag.py:588} INFO - Filling up the DagBag from /opt/airflow/dags/milvus_semantic_dag.py
[2025-11-07T13:54:43.872+0000] {processor.py:925} INFO - DAG(s) 'milvus_semantic_dag' retrieved from /opt/airflow/dags/milvus_semantic_dag.py
[2025-11-07T13:54:44.046+0000] {logging_mixin.py:190} INFO - [2025-11-07T13:54:44.046+0000] {dag.py:3239} INFO - Sync 1 DAGs
[2025-11-07T13:54:44.075+0000] {logging_mixin.py:190} INFO - [2025-11-07T13:54:44.074+0000] {dag.py:4180} INFO - Setting next_dagrun for milvus_semantic_dag to None, run_after=None
[2025-11-07T13:54:44.122+0000] {processor.py:208} INFO - Processing /opt/airflow/dags/milvus_semantic_dag.py took 4.165 seconds
[2025-11-07T13:55:14.657+0000] {processor.py:186} INFO - Started process (PID=192) to work on /opt/airflow/dags/milvus_semantic_dag.py
[2025-11-07T13:55:14.663+0000] {processor.py:914} INFO - Processing file /opt/airflow/dags/milvus_semantic_dag.py for tasks to queue
[2025-11-07T13:55:14.677+0000] {logging_mixin.py:190} INFO - [2025-11-07T13:55:14.675+0000] {dagbag.py:588} INFO - Filling up the DagBag from /opt/airflow/dags/milvus_semantic_dag.py
[2025-11-07T13:55:15.766+0000] {processor.py:925} INFO - DAG(s) 'milvus_semantic_dag' retrieved from /opt/airflow/dags/milvus_semantic_dag.py
[2025-11-07T13:55:16.164+0000] {logging_mixin.py:190} INFO - [2025-11-07T13:55:16.164+0000] {dag.py:3239} INFO - Sync 1 DAGs
[2025-11-07T13:55:16.213+0000] {logging_mixin.py:190} INFO - [2025-11-07T13:55:16.212+0000] {dag.py:4180} INFO - Setting next_dagrun for milvus_semantic_dag to None, run_after=None
[2025-11-07T13:55:16.276+0000] {processor.py:208} INFO - Processing /opt/airflow/dags/milvus_semantic_dag.py took 1.636 seconds
[2025-11-07T13:55:46.669+0000] {processor.py:186} INFO - Started process (PID=198) to work on /opt/airflow/dags/milvus_semantic_dag.py
[2025-11-07T13:55:46.670+0000] {processor.py:914} INFO - Processing file /opt/airflow/dags/milvus_semantic_dag.py for tasks to queue
[2025-11-07T13:55:46.673+0000] {logging_mixin.py:190} INFO - [2025-11-07T13:55:46.672+0000] {dagbag.py:588} INFO - Filling up the DagBag from /opt/airflow/dags/milvus_semantic_dag.py
[2025-11-07T13:55:47.196+0000] {processor.py:925} INFO - DAG(s) 'milvus_semantic_dag' retrieved from /opt/airflow/dags/milvus_semantic_dag.py
[2025-11-07T13:55:47.325+0000] {logging_mixin.py:190} INFO - [2025-11-07T13:55:47.324+0000] {dag.py:3239} INFO - Sync 1 DAGs
[2025-11-07T13:55:47.353+0000] {logging_mixin.py:190} INFO - [2025-11-07T13:55:47.353+0000] {dag.py:4180} INFO - Setting next_dagrun for milvus_semantic_dag to None, run_after=None
[2025-11-07T13:55:47.402+0000] {processor.py:208} INFO - Processing /opt/airflow/dags/milvus_semantic_dag.py took 0.738 seconds
[2025-11-07T13:56:17.790+0000] {processor.py:186} INFO - Started process (PID=204) to work on /opt/airflow/dags/milvus_semantic_dag.py
[2025-11-07T13:56:17.796+0000] {processor.py:914} INFO - Processing file /opt/airflow/dags/milvus_semantic_dag.py for tasks to queue
[2025-11-07T13:56:17.802+0000] {logging_mixin.py:190} INFO - [2025-11-07T13:56:17.801+0000] {dagbag.py:588} INFO - Filling up the DagBag from /opt/airflow/dags/milvus_semantic_dag.py
[2025-11-07T13:56:18.774+0000] {processor.py:925} INFO - DAG(s) 'milvus_semantic_dag' retrieved from /opt/airflow/dags/milvus_semantic_dag.py
[2025-11-07T13:56:18.894+0000] {logging_mixin.py:190} INFO - [2025-11-07T13:56:18.893+0000] {dag.py:3239} INFO - Sync 1 DAGs
[2025-11-07T13:56:18.917+0000] {logging_mixin.py:190} INFO - [2025-11-07T13:56:18.916+0000] {dag.py:4180} INFO - Setting next_dagrun for milvus_semantic_dag to None, run_after=None
[2025-11-07T13:56:18.960+0000] {processor.py:208} INFO - Processing /opt/airflow/dags/milvus_semantic_dag.py took 1.184 seconds
[2025-11-07T13:56:49.397+0000] {processor.py:186} INFO - Started process (PID=234) to work on /opt/airflow/dags/milvus_semantic_dag.py
[2025-11-07T13:56:49.421+0000] {processor.py:914} INFO - Processing file /opt/airflow/dags/milvus_semantic_dag.py for tasks to queue
[2025-11-07T13:56:49.428+0000] {logging_mixin.py:190} INFO - [2025-11-07T13:56:49.427+0000] {dagbag.py:588} INFO - Filling up the DagBag from /opt/airflow/dags/milvus_semantic_dag.py
[2025-11-07T13:56:51.375+0000] {processor.py:925} INFO - DAG(s) 'milvus_semantic_dag' retrieved from /opt/airflow/dags/milvus_semantic_dag.py
[2025-11-07T13:56:51.487+0000] {logging_mixin.py:190} INFO - [2025-11-07T13:56:51.486+0000] {dag.py:3239} INFO - Sync 1 DAGs
[2025-11-07T13:56:51.511+0000] {logging_mixin.py:190} INFO - [2025-11-07T13:56:51.511+0000] {dag.py:4180} INFO - Setting next_dagrun for milvus_semantic_dag to None, run_after=None
[2025-11-07T13:56:51.556+0000] {processor.py:208} INFO - Processing /opt/airflow/dags/milvus_semantic_dag.py took 2.172 seconds
[2025-11-07T13:57:00.613+0000] {processor.py:186} INFO - Started process (PID=240) to work on /opt/airflow/dags/milvus_semantic_dag.py
[2025-11-07T13:57:00.614+0000] {processor.py:914} INFO - Processing file /opt/airflow/dags/milvus_semantic_dag.py for tasks to queue
[2025-11-07T13:57:00.616+0000] {logging_mixin.py:190} INFO - [2025-11-07T13:57:00.616+0000] {dagbag.py:588} INFO - Filling up the DagBag from /opt/airflow/dags/milvus_semantic_dag.py
[2025-11-07T13:57:01.130+0000] {processor.py:925} INFO - DAG(s) 'milvus_semantic_dag' retrieved from /opt/airflow/dags/milvus_semantic_dag.py
[2025-11-07T13:57:01.339+0000] {logging_mixin.py:190} INFO - [2025-11-07T13:57:01.338+0000] {taskinstance.py:3312} ERROR - {'DAG Id': 'milvus_semantic_dag', 'Task Id': 'run_milvus_pipeline', 'Run Id': 'manual__2025-11-07T13:56:39.413841+00:00', 'Hostname': '99ccbba1351b'}
[2025-11-07T13:57:01.357+0000] {logging_mixin.py:190} INFO - [2025-11-07T13:57:01.357+0000] {taskinstance.py:1225} INFO - Marking task as FAILED. dag_id=milvus_semantic_dag, task_id=run_milvus_pipeline, run_id=manual__2025-11-07T13:56:39.413841+00:00, execution_date=20251107T135639, start_date=20251107T135641, end_date=20251107T135701
[2025-11-07T13:57:01.385+0000] {logging_mixin.py:190} INFO - [2025-11-07T13:57:01.385+0000] {processor.py:876} INFO - Executed callback for <TaskInstance: milvus_semantic_dag.run_milvus_pipeline manual__2025-11-07T13:56:39.413841+00:00 [failed]> in state failed
[2025-11-07T13:57:01.388+0000] {logging_mixin.py:190} INFO - [2025-11-07T13:57:01.388+0000] {taskinstance.py:3312} ERROR - {'DAG Id': 'milvus_semantic_dag', 'Task Id': 'run_milvus_pipeline', 'Run Id': 'manual__2025-11-07T13:56:39.413841+00:00', 'Hostname': '99ccbba1351b'}
[2025-11-07T13:57:01.393+0000] {logging_mixin.py:190} INFO - [2025-11-07T13:57:01.393+0000] {taskinstance.py:1225} INFO - Marking task as FAILED. dag_id=milvus_semantic_dag, task_id=run_milvus_pipeline, run_id=manual__2025-11-07T13:56:39.413841+00:00, execution_date=20251107T135639, start_date=20251107T135641, end_date=20251107T135701
[2025-11-07T13:57:01.398+0000] {logging_mixin.py:190} INFO - [2025-11-07T13:57:01.398+0000] {processor.py:876} INFO - Executed callback for <TaskInstance: milvus_semantic_dag.run_milvus_pipeline manual__2025-11-07T13:56:39.413841+00:00 [failed]> in state failed
[2025-11-07T13:57:01.422+0000] {logging_mixin.py:190} INFO - [2025-11-07T13:57:01.422+0000] {dag.py:3239} INFO - Sync 1 DAGs
[2025-11-07T13:57:01.442+0000] {logging_mixin.py:190} INFO - [2025-11-07T13:57:01.442+0000] {dag.py:4180} INFO - Setting next_dagrun for milvus_semantic_dag to None, run_after=None
[2025-11-07T13:57:01.466+0000] {processor.py:208} INFO - Processing /opt/airflow/dags/milvus_semantic_dag.py took 0.859 seconds
[2025-11-07T13:57:32.172+0000] {processor.py:186} INFO - Started process (PID=246) to work on /opt/airflow/dags/milvus_semantic_dag.py
[2025-11-07T13:57:32.179+0000] {processor.py:914} INFO - Processing file /opt/airflow/dags/milvus_semantic_dag.py for tasks to queue
[2025-11-07T13:57:32.202+0000] {logging_mixin.py:190} INFO - [2025-11-07T13:57:32.200+0000] {dagbag.py:588} INFO - Filling up the DagBag from /opt/airflow/dags/milvus_semantic_dag.py
[2025-11-07T13:57:32.818+0000] {processor.py:925} INFO - DAG(s) 'milvus_semantic_dag' retrieved from /opt/airflow/dags/milvus_semantic_dag.py
[2025-11-07T13:57:32.986+0000] {logging_mixin.py:190} INFO - [2025-11-07T13:57:32.986+0000] {dag.py:3239} INFO - Sync 1 DAGs
[2025-11-07T13:57:33.004+0000] {logging_mixin.py:190} INFO - [2025-11-07T13:57:33.003+0000] {dag.py:4180} INFO - Setting next_dagrun for milvus_semantic_dag to None, run_after=None
[2025-11-07T13:57:33.040+0000] {processor.py:208} INFO - Processing /opt/airflow/dags/milvus_semantic_dag.py took 0.923 seconds
[2025-11-07T13:58:03.429+0000] {processor.py:186} INFO - Started process (PID=252) to work on /opt/airflow/dags/milvus_semantic_dag.py
[2025-11-07T13:58:03.437+0000] {processor.py:914} INFO - Processing file /opt/airflow/dags/milvus_semantic_dag.py for tasks to queue
[2025-11-07T13:58:03.445+0000] {logging_mixin.py:190} INFO - [2025-11-07T13:58:03.444+0000] {dagbag.py:588} INFO - Filling up the DagBag from /opt/airflow/dags/milvus_semantic_dag.py
[2025-11-07T13:58:04.052+0000] {processor.py:925} INFO - DAG(s) 'milvus_semantic_dag' retrieved from /opt/airflow/dags/milvus_semantic_dag.py
[2025-11-07T13:58:04.637+0000] {logging_mixin.py:190} INFO - [2025-11-07T13:58:04.636+0000] {dag.py:3239} INFO - Sync 1 DAGs
[2025-11-07T13:58:04.696+0000] {logging_mixin.py:190} INFO - [2025-11-07T13:58:04.695+0000] {dag.py:4180} INFO - Setting next_dagrun for milvus_semantic_dag to None, run_after=None
[2025-11-07T13:58:04.765+0000] {processor.py:208} INFO - Processing /opt/airflow/dags/milvus_semantic_dag.py took 1.346 seconds
[2025-11-07T13:58:35.157+0000] {processor.py:186} INFO - Started process (PID=258) to work on /opt/airflow/dags/milvus_semantic_dag.py
[2025-11-07T13:58:35.158+0000] {processor.py:914} INFO - Processing file /opt/airflow/dags/milvus_semantic_dag.py for tasks to queue
[2025-11-07T13:58:35.163+0000] {logging_mixin.py:190} INFO - [2025-11-07T13:58:35.163+0000] {dagbag.py:588} INFO - Filling up the DagBag from /opt/airflow/dags/milvus_semantic_dag.py
[2025-11-07T13:58:35.671+0000] {processor.py:925} INFO - DAG(s) 'milvus_semantic_dag' retrieved from /opt/airflow/dags/milvus_semantic_dag.py
[2025-11-07T13:58:36.026+0000] {logging_mixin.py:190} INFO - [2025-11-07T13:58:36.026+0000] {dag.py:3239} INFO - Sync 1 DAGs
[2025-11-07T13:58:36.057+0000] {logging_mixin.py:190} INFO - [2025-11-07T13:58:36.057+0000] {dag.py:4180} INFO - Setting next_dagrun for milvus_semantic_dag to None, run_after=None
[2025-11-07T13:58:36.091+0000] {processor.py:208} INFO - Processing /opt/airflow/dags/milvus_semantic_dag.py took 0.940 seconds
[2025-11-07T13:59:06.410+0000] {processor.py:186} INFO - Started process (PID=264) to work on /opt/airflow/dags/milvus_semantic_dag.py
[2025-11-07T13:59:06.412+0000] {processor.py:914} INFO - Processing file /opt/airflow/dags/milvus_semantic_dag.py for tasks to queue
[2025-11-07T13:59:06.414+0000] {logging_mixin.py:190} INFO - [2025-11-07T13:59:06.413+0000] {dagbag.py:588} INFO - Filling up the DagBag from /opt/airflow/dags/milvus_semantic_dag.py
[2025-11-07T13:59:06.969+0000] {processor.py:925} INFO - DAG(s) 'milvus_semantic_dag' retrieved from /opt/airflow/dags/milvus_semantic_dag.py
[2025-11-07T13:59:07.330+0000] {logging_mixin.py:190} INFO - [2025-11-07T13:59:07.330+0000] {dag.py:3239} INFO - Sync 1 DAGs
[2025-11-07T13:59:07.344+0000] {logging_mixin.py:190} INFO - [2025-11-07T13:59:07.344+0000] {dag.py:4180} INFO - Setting next_dagrun for milvus_semantic_dag to None, run_after=None
[2025-11-07T13:59:07.373+0000] {processor.py:208} INFO - Processing /opt/airflow/dags/milvus_semantic_dag.py took 0.969 seconds
[2025-11-07T13:59:37.798+0000] {processor.py:186} INFO - Started process (PID=270) to work on /opt/airflow/dags/milvus_semantic_dag.py
[2025-11-07T13:59:37.803+0000] {processor.py:914} INFO - Processing file /opt/airflow/dags/milvus_semantic_dag.py for tasks to queue
[2025-11-07T13:59:37.805+0000] {logging_mixin.py:190} INFO - [2025-11-07T13:59:37.805+0000] {dagbag.py:588} INFO - Filling up the DagBag from /opt/airflow/dags/milvus_semantic_dag.py
[2025-11-07T13:59:38.420+0000] {processor.py:925} INFO - DAG(s) 'milvus_semantic_dag' retrieved from /opt/airflow/dags/milvus_semantic_dag.py
[2025-11-07T13:59:38.717+0000] {logging_mixin.py:190} INFO - [2025-11-07T13:59:38.716+0000] {dag.py:3239} INFO - Sync 1 DAGs
[2025-11-07T13:59:38.734+0000] {logging_mixin.py:190} INFO - [2025-11-07T13:59:38.734+0000] {dag.py:4180} INFO - Setting next_dagrun for milvus_semantic_dag to None, run_after=None
[2025-11-07T13:59:38.763+0000] {processor.py:208} INFO - Processing /opt/airflow/dags/milvus_semantic_dag.py took 0.977 seconds
[2025-11-07T14:00:08.998+0000] {processor.py:186} INFO - Started process (PID=276) to work on /opt/airflow/dags/milvus_semantic_dag.py
[2025-11-07T14:00:09.003+0000] {processor.py:914} INFO - Processing file /opt/airflow/dags/milvus_semantic_dag.py for tasks to queue
[2025-11-07T14:00:09.008+0000] {logging_mixin.py:190} INFO - [2025-11-07T14:00:09.007+0000] {dagbag.py:588} INFO - Filling up the DagBag from /opt/airflow/dags/milvus_semantic_dag.py
[2025-11-07T14:00:09.642+0000] {processor.py:925} INFO - DAG(s) 'milvus_semantic_dag' retrieved from /opt/airflow/dags/milvus_semantic_dag.py
[2025-11-07T14:00:09.762+0000] {logging_mixin.py:190} INFO - [2025-11-07T14:00:09.762+0000] {dag.py:3239} INFO - Sync 1 DAGs
[2025-11-07T14:00:09.782+0000] {logging_mixin.py:190} INFO - [2025-11-07T14:00:09.782+0000] {dag.py:4180} INFO - Setting next_dagrun for milvus_semantic_dag to None, run_after=None
[2025-11-07T14:00:09.819+0000] {processor.py:208} INFO - Processing /opt/airflow/dags/milvus_semantic_dag.py took 0.827 seconds
[2025-11-07T14:00:40.273+0000] {processor.py:186} INFO - Started process (PID=282) to work on /opt/airflow/dags/milvus_semantic_dag.py
[2025-11-07T14:00:40.277+0000] {processor.py:914} INFO - Processing file /opt/airflow/dags/milvus_semantic_dag.py for tasks to queue
[2025-11-07T14:00:40.280+0000] {logging_mixin.py:190} INFO - [2025-11-07T14:00:40.280+0000] {dagbag.py:588} INFO - Filling up the DagBag from /opt/airflow/dags/milvus_semantic_dag.py
[2025-11-07T14:00:40.773+0000] {processor.py:925} INFO - DAG(s) 'milvus_semantic_dag' retrieved from /opt/airflow/dags/milvus_semantic_dag.py
[2025-11-07T14:00:40.846+0000] {logging_mixin.py:190} INFO - [2025-11-07T14:00:40.846+0000] {dag.py:3239} INFO - Sync 1 DAGs
[2025-11-07T14:00:40.936+0000] {logging_mixin.py:190} INFO - [2025-11-07T14:00:40.935+0000] {dag.py:4180} INFO - Setting next_dagrun for milvus_semantic_dag to None, run_after=None
[2025-11-07T14:00:41.001+0000] {processor.py:208} INFO - Processing /opt/airflow/dags/milvus_semantic_dag.py took 0.735 seconds
[2025-11-07T14:01:11.367+0000] {processor.py:186} INFO - Started process (PID=288) to work on /opt/airflow/dags/milvus_semantic_dag.py
[2025-11-07T14:01:11.368+0000] {processor.py:914} INFO - Processing file /opt/airflow/dags/milvus_semantic_dag.py for tasks to queue
[2025-11-07T14:01:11.370+0000] {logging_mixin.py:190} INFO - [2025-11-07T14:01:11.370+0000] {dagbag.py:588} INFO - Filling up the DagBag from /opt/airflow/dags/milvus_semantic_dag.py
[2025-11-07T14:01:11.922+0000] {processor.py:925} INFO - DAG(s) 'milvus_semantic_dag' retrieved from /opt/airflow/dags/milvus_semantic_dag.py
[2025-11-07T14:01:12.019+0000] {logging_mixin.py:190} INFO - [2025-11-07T14:01:12.019+0000] {dag.py:3239} INFO - Sync 1 DAGs
[2025-11-07T14:01:12.037+0000] {logging_mixin.py:190} INFO - [2025-11-07T14:01:12.036+0000] {dag.py:4180} INFO - Setting next_dagrun for milvus_semantic_dag to None, run_after=None
[2025-11-07T14:01:12.069+0000] {processor.py:208} INFO - Processing /opt/airflow/dags/milvus_semantic_dag.py took 0.708 seconds
[2025-11-07T14:01:42.466+0000] {processor.py:186} INFO - Started process (PID=294) to work on /opt/airflow/dags/milvus_semantic_dag.py
[2025-11-07T14:01:42.470+0000] {processor.py:914} INFO - Processing file /opt/airflow/dags/milvus_semantic_dag.py for tasks to queue
[2025-11-07T14:01:42.488+0000] {logging_mixin.py:190} INFO - [2025-11-07T14:01:42.485+0000] {dagbag.py:588} INFO - Filling up the DagBag from /opt/airflow/dags/milvus_semantic_dag.py
[2025-11-07T14:01:44.729+0000] {processor.py:925} INFO - DAG(s) 'milvus_semantic_dag' retrieved from /opt/airflow/dags/milvus_semantic_dag.py
[2025-11-07T14:01:44.959+0000] {logging_mixin.py:190} INFO - [2025-11-07T14:01:44.959+0000] {dag.py:3239} INFO - Sync 1 DAGs
[2025-11-07T14:01:44.993+0000] {logging_mixin.py:190} INFO - [2025-11-07T14:01:44.992+0000] {dag.py:4180} INFO - Setting next_dagrun for milvus_semantic_dag to None, run_after=None
[2025-11-07T14:01:45.052+0000] {processor.py:208} INFO - Processing /opt/airflow/dags/milvus_semantic_dag.py took 2.620 seconds
[2025-11-07T14:02:25.605+0000] {processor.py:186} INFO - Started process (PID=300) to work on /opt/airflow/dags/milvus_semantic_dag.py
[2025-11-07T14:02:25.611+0000] {processor.py:914} INFO - Processing file /opt/airflow/dags/milvus_semantic_dag.py for tasks to queue
[2025-11-07T14:02:25.663+0000] {logging_mixin.py:190} INFO - [2025-11-07T14:02:25.659+0000] {dagbag.py:588} INFO - Filling up the DagBag from /opt/airflow/dags/milvus_semantic_dag.py
[2025-11-07T14:02:29.601+0000] {processor.py:925} INFO - DAG(s) 'milvus_semantic_dag' retrieved from /opt/airflow/dags/milvus_semantic_dag.py
[2025-11-07T14:02:29.881+0000] {logging_mixin.py:190} INFO - [2025-11-07T14:02:29.880+0000] {dag.py:3239} INFO - Sync 1 DAGs
[2025-11-07T14:02:39.269+0000] {logging_mixin.py:190} INFO - [2025-11-07T14:02:39.267+0000] {dag.py:4180} INFO - Setting next_dagrun for milvus_semantic_dag to None, run_after=None
[2025-11-07T14:02:44.684+0000] {processor.py:208} INFO - Processing /opt/airflow/dags/milvus_semantic_dag.py took 20.315 seconds
[2025-11-07T14:03:14.910+0000] {processor.py:186} INFO - Started process (PID=306) to work on /opt/airflow/dags/milvus_semantic_dag.py
[2025-11-07T14:03:14.912+0000] {processor.py:914} INFO - Processing file /opt/airflow/dags/milvus_semantic_dag.py for tasks to queue
[2025-11-07T14:03:14.926+0000] {logging_mixin.py:190} INFO - [2025-11-07T14:03:14.924+0000] {dagbag.py:588} INFO - Filling up the DagBag from /opt/airflow/dags/milvus_semantic_dag.py
[2025-11-07T14:03:17.355+0000] {processor.py:925} INFO - DAG(s) 'milvus_semantic_dag' retrieved from /opt/airflow/dags/milvus_semantic_dag.py
[2025-11-07T14:03:17.561+0000] {logging_mixin.py:190} INFO - [2025-11-07T14:03:17.560+0000] {dag.py:3239} INFO - Sync 1 DAGs
[2025-11-07T14:03:17.622+0000] {logging_mixin.py:190} INFO - [2025-11-07T14:03:17.622+0000] {dag.py:4180} INFO - Setting next_dagrun for milvus_semantic_dag to None, run_after=None
[2025-11-07T14:03:17.662+0000] {processor.py:208} INFO - Processing /opt/airflow/dags/milvus_semantic_dag.py took 2.779 seconds
[2025-11-07T14:03:48.060+0000] {processor.py:186} INFO - Started process (PID=312) to work on /opt/airflow/dags/milvus_semantic_dag.py
[2025-11-07T14:03:48.064+0000] {processor.py:914} INFO - Processing file /opt/airflow/dags/milvus_semantic_dag.py for tasks to queue
[2025-11-07T14:03:48.068+0000] {logging_mixin.py:190} INFO - [2025-11-07T14:03:48.068+0000] {dagbag.py:588} INFO - Filling up the DagBag from /opt/airflow/dags/milvus_semantic_dag.py
[2025-11-07T14:03:48.649+0000] {processor.py:925} INFO - DAG(s) 'milvus_semantic_dag' retrieved from /opt/airflow/dags/milvus_semantic_dag.py
[2025-11-07T14:03:48.847+0000] {logging_mixin.py:190} INFO - [2025-11-07T14:03:48.847+0000] {dag.py:3239} INFO - Sync 1 DAGs
[2025-11-07T14:03:48.924+0000] {logging_mixin.py:190} INFO - [2025-11-07T14:03:48.923+0000] {dag.py:4180} INFO - Setting next_dagrun for milvus_semantic_dag to None, run_after=None
[2025-11-07T14:03:48.957+0000] {processor.py:208} INFO - Processing /opt/airflow/dags/milvus_semantic_dag.py took 0.903 seconds
[2025-11-07T14:04:19.302+0000] {processor.py:186} INFO - Started process (PID=318) to work on /opt/airflow/dags/milvus_semantic_dag.py
[2025-11-07T14:04:19.304+0000] {processor.py:914} INFO - Processing file /opt/airflow/dags/milvus_semantic_dag.py for tasks to queue
[2025-11-07T14:04:19.306+0000] {logging_mixin.py:190} INFO - [2025-11-07T14:04:19.306+0000] {dagbag.py:588} INFO - Filling up the DagBag from /opt/airflow/dags/milvus_semantic_dag.py
[2025-11-07T14:04:19.794+0000] {processor.py:925} INFO - DAG(s) 'milvus_semantic_dag' retrieved from /opt/airflow/dags/milvus_semantic_dag.py
[2025-11-07T14:04:20.732+0000] {logging_mixin.py:190} INFO - [2025-11-07T14:04:20.731+0000] {dag.py:3239} INFO - Sync 1 DAGs
[2025-11-07T14:04:20.805+0000] {logging_mixin.py:190} INFO - [2025-11-07T14:04:20.805+0000] {dag.py:4180} INFO - Setting next_dagrun for milvus_semantic_dag to None, run_after=None
[2025-11-07T14:04:20.877+0000] {processor.py:208} INFO - Processing /opt/airflow/dags/milvus_semantic_dag.py took 1.580 seconds
[2025-11-07T14:04:51.146+0000] {processor.py:186} INFO - Started process (PID=324) to work on /opt/airflow/dags/milvus_semantic_dag.py
[2025-11-07T14:04:51.147+0000] {processor.py:914} INFO - Processing file /opt/airflow/dags/milvus_semantic_dag.py for tasks to queue
[2025-11-07T14:04:51.150+0000] {logging_mixin.py:190} INFO - [2025-11-07T14:04:51.150+0000] {dagbag.py:588} INFO - Filling up the DagBag from /opt/airflow/dags/milvus_semantic_dag.py
[2025-11-07T14:04:51.744+0000] {processor.py:925} INFO - DAG(s) 'milvus_semantic_dag' retrieved from /opt/airflow/dags/milvus_semantic_dag.py
[2025-11-07T14:04:51.829+0000] {logging_mixin.py:190} INFO - [2025-11-07T14:04:51.828+0000] {dag.py:3239} INFO - Sync 1 DAGs
[2025-11-07T14:04:51.844+0000] {logging_mixin.py:190} INFO - [2025-11-07T14:04:51.844+0000] {dag.py:4180} INFO - Setting next_dagrun for milvus_semantic_dag to None, run_after=None
[2025-11-07T14:04:51.875+0000] {processor.py:208} INFO - Processing /opt/airflow/dags/milvus_semantic_dag.py took 0.736 seconds
[2025-11-07T14:05:22.252+0000] {processor.py:186} INFO - Started process (PID=330) to work on /opt/airflow/dags/milvus_semantic_dag.py
[2025-11-07T14:05:22.253+0000] {processor.py:914} INFO - Processing file /opt/airflow/dags/milvus_semantic_dag.py for tasks to queue
[2025-11-07T14:05:22.255+0000] {logging_mixin.py:190} INFO - [2025-11-07T14:05:22.255+0000] {dagbag.py:588} INFO - Filling up the DagBag from /opt/airflow/dags/milvus_semantic_dag.py
[2025-11-07T14:05:22.749+0000] {processor.py:925} INFO - DAG(s) 'milvus_semantic_dag' retrieved from /opt/airflow/dags/milvus_semantic_dag.py
[2025-11-07T14:05:22.825+0000] {logging_mixin.py:190} INFO - [2025-11-07T14:05:22.825+0000] {dag.py:3239} INFO - Sync 1 DAGs
[2025-11-07T14:05:22.900+0000] {logging_mixin.py:190} INFO - [2025-11-07T14:05:22.900+0000] {dag.py:4180} INFO - Setting next_dagrun for milvus_semantic_dag to None, run_after=None
[2025-11-07T14:05:22.968+0000] {processor.py:208} INFO - Processing /opt/airflow/dags/milvus_semantic_dag.py took 0.721 seconds
[2025-11-07T14:05:53.360+0000] {processor.py:186} INFO - Started process (PID=336) to work on /opt/airflow/dags/milvus_semantic_dag.py
[2025-11-07T14:05:53.362+0000] {processor.py:914} INFO - Processing file /opt/airflow/dags/milvus_semantic_dag.py for tasks to queue
[2025-11-07T14:05:53.366+0000] {logging_mixin.py:190} INFO - [2025-11-07T14:05:53.366+0000] {dagbag.py:588} INFO - Filling up the DagBag from /opt/airflow/dags/milvus_semantic_dag.py
[2025-11-07T14:05:54.265+0000] {processor.py:925} INFO - DAG(s) 'milvus_semantic_dag' retrieved from /opt/airflow/dags/milvus_semantic_dag.py
[2025-11-07T14:05:54.514+0000] {logging_mixin.py:190} INFO - [2025-11-07T14:05:54.513+0000] {dag.py:3239} INFO - Sync 1 DAGs
[2025-11-07T14:05:54.591+0000] {logging_mixin.py:190} INFO - [2025-11-07T14:05:54.591+0000] {dag.py:4180} INFO - Setting next_dagrun for milvus_semantic_dag to None, run_after=None
[2025-11-07T14:05:54.638+0000] {processor.py:208} INFO - Processing /opt/airflow/dags/milvus_semantic_dag.py took 1.286 seconds
[2025-11-07T14:06:24.747+0000] {processor.py:186} INFO - Started process (PID=342) to work on /opt/airflow/dags/milvus_semantic_dag.py
[2025-11-07T14:06:24.749+0000] {processor.py:914} INFO - Processing file /opt/airflow/dags/milvus_semantic_dag.py for tasks to queue
[2025-11-07T14:06:24.752+0000] {logging_mixin.py:190} INFO - [2025-11-07T14:06:24.752+0000] {dagbag.py:588} INFO - Filling up the DagBag from /opt/airflow/dags/milvus_semantic_dag.py
[2025-11-07T14:06:25.258+0000] {processor.py:925} INFO - DAG(s) 'milvus_semantic_dag' retrieved from /opt/airflow/dags/milvus_semantic_dag.py
[2025-11-07T14:06:25.317+0000] {logging_mixin.py:190} INFO - [2025-11-07T14:06:25.316+0000] {dag.py:3239} INFO - Sync 1 DAGs
[2025-11-07T14:06:25.331+0000] {logging_mixin.py:190} INFO - [2025-11-07T14:06:25.331+0000] {dag.py:4180} INFO - Setting next_dagrun for milvus_semantic_dag to None, run_after=None
[2025-11-07T14:06:25.357+0000] {processor.py:208} INFO - Processing /opt/airflow/dags/milvus_semantic_dag.py took 0.617 seconds
[2025-11-07T14:06:55.793+0000] {processor.py:186} INFO - Started process (PID=348) to work on /opt/airflow/dags/milvus_semantic_dag.py
[2025-11-07T14:06:55.798+0000] {processor.py:914} INFO - Processing file /opt/airflow/dags/milvus_semantic_dag.py for tasks to queue
[2025-11-07T14:06:55.804+0000] {logging_mixin.py:190} INFO - [2025-11-07T14:06:55.804+0000] {dagbag.py:588} INFO - Filling up the DagBag from /opt/airflow/dags/milvus_semantic_dag.py
[2025-11-07T14:06:56.434+0000] {processor.py:925} INFO - DAG(s) 'milvus_semantic_dag' retrieved from /opt/airflow/dags/milvus_semantic_dag.py
[2025-11-07T14:06:56.902+0000] {logging_mixin.py:190} INFO - [2025-11-07T14:06:56.902+0000] {dag.py:3239} INFO - Sync 1 DAGs
[2025-11-07T14:06:56.994+0000] {logging_mixin.py:190} INFO - [2025-11-07T14:06:56.994+0000] {dag.py:4180} INFO - Setting next_dagrun for milvus_semantic_dag to None, run_after=None
[2025-11-07T14:06:57.060+0000] {processor.py:208} INFO - Processing /opt/airflow/dags/milvus_semantic_dag.py took 1.276 seconds
[2025-11-07T14:07:27.380+0000] {processor.py:186} INFO - Started process (PID=354) to work on /opt/airflow/dags/milvus_semantic_dag.py
[2025-11-07T14:07:27.385+0000] {processor.py:914} INFO - Processing file /opt/airflow/dags/milvus_semantic_dag.py for tasks to queue
[2025-11-07T14:07:27.389+0000] {logging_mixin.py:190} INFO - [2025-11-07T14:07:27.389+0000] {dagbag.py:588} INFO - Filling up the DagBag from /opt/airflow/dags/milvus_semantic_dag.py
[2025-11-07T14:07:27.985+0000] {processor.py:925} INFO - DAG(s) 'milvus_semantic_dag' retrieved from /opt/airflow/dags/milvus_semantic_dag.py
[2025-11-07T14:07:28.070+0000] {logging_mixin.py:190} INFO - [2025-11-07T14:07:28.069+0000] {dag.py:3239} INFO - Sync 1 DAGs
[2025-11-07T14:07:28.087+0000] {logging_mixin.py:190} INFO - [2025-11-07T14:07:28.087+0000] {dag.py:4180} INFO - Setting next_dagrun for milvus_semantic_dag to None, run_after=None
[2025-11-07T14:07:28.127+0000] {processor.py:208} INFO - Processing /opt/airflow/dags/milvus_semantic_dag.py took 0.752 seconds
[2025-11-07T14:07:58.279+0000] {processor.py:186} INFO - Started process (PID=360) to work on /opt/airflow/dags/milvus_semantic_dag.py
[2025-11-07T14:07:58.285+0000] {processor.py:914} INFO - Processing file /opt/airflow/dags/milvus_semantic_dag.py for tasks to queue
[2025-11-07T14:07:58.290+0000] {logging_mixin.py:190} INFO - [2025-11-07T14:07:58.290+0000] {dagbag.py:588} INFO - Filling up the DagBag from /opt/airflow/dags/milvus_semantic_dag.py
[2025-11-07T14:07:58.900+0000] {processor.py:925} INFO - DAG(s) 'milvus_semantic_dag' retrieved from /opt/airflow/dags/milvus_semantic_dag.py
[2025-11-07T14:07:59.050+0000] {logging_mixin.py:190} INFO - [2025-11-07T14:07:59.050+0000] {dag.py:3239} INFO - Sync 1 DAGs
[2025-11-07T14:07:59.064+0000] {logging_mixin.py:190} INFO - [2025-11-07T14:07:59.064+0000] {dag.py:4180} INFO - Setting next_dagrun for milvus_semantic_dag to None, run_after=None
[2025-11-07T14:07:59.105+0000] {processor.py:208} INFO - Processing /opt/airflow/dags/milvus_semantic_dag.py took 0.839 seconds
[2025-11-07T14:12:09.568+0000] {processor.py:186} INFO - Started process (PID=186) to work on /opt/airflow/dags/milvus_semantic_dag.py
[2025-11-07T14:12:09.570+0000] {processor.py:914} INFO - Processing file /opt/airflow/dags/milvus_semantic_dag.py for tasks to queue
[2025-11-07T14:12:09.574+0000] {logging_mixin.py:190} INFO - [2025-11-07T14:12:09.573+0000] {dagbag.py:588} INFO - Filling up the DagBag from /opt/airflow/dags/milvus_semantic_dag.py
[2025-11-07T14:12:11.899+0000] {processor.py:925} INFO - DAG(s) 'milvus_semantic_dag' retrieved from /opt/airflow/dags/milvus_semantic_dag.py
[2025-11-07T14:12:12.013+0000] {logging_mixin.py:190} INFO - [2025-11-07T14:12:12.013+0000] {dag.py:3239} INFO - Sync 1 DAGs
[2025-11-07T14:12:12.048+0000] {logging_mixin.py:190} INFO - [2025-11-07T14:12:12.048+0000] {dag.py:4180} INFO - Setting next_dagrun for milvus_semantic_dag to None, run_after=None
[2025-11-07T14:12:12.094+0000] {processor.py:208} INFO - Processing /opt/airflow/dags/milvus_semantic_dag.py took 2.534 seconds
[2025-11-07T14:12:43.400+0000] {processor.py:186} INFO - Started process (PID=219) to work on /opt/airflow/dags/milvus_semantic_dag.py
[2025-11-07T14:12:43.429+0000] {processor.py:914} INFO - Processing file /opt/airflow/dags/milvus_semantic_dag.py for tasks to queue
[2025-11-07T14:12:43.502+0000] {logging_mixin.py:190} INFO - [2025-11-07T14:12:43.494+0000] {dagbag.py:588} INFO - Filling up the DagBag from /opt/airflow/dags/milvus_semantic_dag.py
[2025-11-07T14:12:50.269+0000] {processor.py:925} INFO - DAG(s) 'milvus_semantic_dag' retrieved from /opt/airflow/dags/milvus_semantic_dag.py
[2025-11-07T14:12:50.484+0000] {logging_mixin.py:190} INFO - [2025-11-07T14:12:50.483+0000] {dag.py:3239} INFO - Sync 1 DAGs
[2025-11-07T14:12:50.557+0000] {logging_mixin.py:190} INFO - [2025-11-07T14:12:50.557+0000] {dag.py:4180} INFO - Setting next_dagrun for milvus_semantic_dag to None, run_after=None
[2025-11-07T14:12:50.650+0000] {processor.py:208} INFO - Processing /opt/airflow/dags/milvus_semantic_dag.py took 7.458 seconds
[2025-11-07T14:13:24.056+0000] {processor.py:186} INFO - Started process (PID=225) to work on /opt/airflow/dags/milvus_semantic_dag.py
[2025-11-07T14:13:24.204+0000] {processor.py:914} INFO - Processing file /opt/airflow/dags/milvus_semantic_dag.py for tasks to queue
[2025-11-07T14:13:24.868+0000] {logging_mixin.py:190} INFO - [2025-11-07T14:13:24.467+0000] {dagbag.py:588} INFO - Filling up the DagBag from /opt/airflow/dags/milvus_semantic_dag.py
[2025-11-07T14:13:38.428+0000] {processor.py:925} INFO - DAG(s) 'milvus_semantic_dag' retrieved from /opt/airflow/dags/milvus_semantic_dag.py
[2025-11-07T14:13:38.596+0000] {logging_mixin.py:190} INFO - [2025-11-07T14:13:38.596+0000] {dag.py:3239} INFO - Sync 1 DAGs
[2025-11-07T14:13:38.622+0000] {logging_mixin.py:190} INFO - [2025-11-07T14:13:38.622+0000] {dag.py:4180} INFO - Setting next_dagrun for milvus_semantic_dag to None, run_after=None
[2025-11-07T14:13:38.659+0000] {processor.py:208} INFO - Processing /opt/airflow/dags/milvus_semantic_dag.py took 15.584 seconds
[2025-11-07T14:14:09.193+0000] {processor.py:186} INFO - Started process (PID=231) to work on /opt/airflow/dags/milvus_semantic_dag.py
[2025-11-07T14:14:09.197+0000] {processor.py:914} INFO - Processing file /opt/airflow/dags/milvus_semantic_dag.py for tasks to queue
[2025-11-07T14:14:09.210+0000] {logging_mixin.py:190} INFO - [2025-11-07T14:14:09.208+0000] {dagbag.py:588} INFO - Filling up the DagBag from /opt/airflow/dags/milvus_semantic_dag.py
[2025-11-07T14:14:11.337+0000] {processor.py:925} INFO - DAG(s) 'milvus_semantic_dag' retrieved from /opt/airflow/dags/milvus_semantic_dag.py
[2025-11-07T14:14:11.695+0000] {logging_mixin.py:190} INFO - [2025-11-07T14:14:11.693+0000] {dag.py:3239} INFO - Sync 1 DAGs
[2025-11-07T14:14:11.839+0000] {logging_mixin.py:190} INFO - [2025-11-07T14:14:11.838+0000] {dag.py:4180} INFO - Setting next_dagrun for milvus_semantic_dag to None, run_after=None
[2025-11-07T14:14:11.903+0000] {processor.py:208} INFO - Processing /opt/airflow/dags/milvus_semantic_dag.py took 2.741 seconds
[2025-11-07T14:14:42.227+0000] {processor.py:186} INFO - Started process (PID=237) to work on /opt/airflow/dags/milvus_semantic_dag.py
[2025-11-07T14:14:42.229+0000] {processor.py:914} INFO - Processing file /opt/airflow/dags/milvus_semantic_dag.py for tasks to queue
[2025-11-07T14:14:42.238+0000] {logging_mixin.py:190} INFO - [2025-11-07T14:14:42.236+0000] {dagbag.py:588} INFO - Filling up the DagBag from /opt/airflow/dags/milvus_semantic_dag.py
[2025-11-07T14:14:43.139+0000] {processor.py:925} INFO - DAG(s) 'milvus_semantic_dag' retrieved from /opt/airflow/dags/milvus_semantic_dag.py
[2025-11-07T14:14:43.233+0000] {logging_mixin.py:190} INFO - [2025-11-07T14:14:43.232+0000] {dag.py:3239} INFO - Sync 1 DAGs
[2025-11-07T14:14:43.274+0000] {logging_mixin.py:190} INFO - [2025-11-07T14:14:43.274+0000] {dag.py:4180} INFO - Setting next_dagrun for milvus_semantic_dag to None, run_after=None
[2025-11-07T14:14:43.327+0000] {processor.py:208} INFO - Processing /opt/airflow/dags/milvus_semantic_dag.py took 1.129 seconds
[2025-11-07T14:15:13.718+0000] {processor.py:186} INFO - Started process (PID=243) to work on /opt/airflow/dags/milvus_semantic_dag.py
[2025-11-07T14:15:13.739+0000] {processor.py:914} INFO - Processing file /opt/airflow/dags/milvus_semantic_dag.py for tasks to queue
[2025-11-07T14:15:13.743+0000] {logging_mixin.py:190} INFO - [2025-11-07T14:15:13.742+0000] {dagbag.py:588} INFO - Filling up the DagBag from /opt/airflow/dags/milvus_semantic_dag.py
[2025-11-07T14:15:15.429+0000] {processor.py:925} INFO - DAG(s) 'milvus_semantic_dag' retrieved from /opt/airflow/dags/milvus_semantic_dag.py
[2025-11-07T14:15:15.516+0000] {logging_mixin.py:190} INFO - [2025-11-07T14:15:15.515+0000] {dag.py:3239} INFO - Sync 1 DAGs
[2025-11-07T14:15:15.533+0000] {logging_mixin.py:190} INFO - [2025-11-07T14:15:15.533+0000] {dag.py:4180} INFO - Setting next_dagrun for milvus_semantic_dag to None, run_after=None
[2025-11-07T14:15:15.568+0000] {processor.py:208} INFO - Processing /opt/airflow/dags/milvus_semantic_dag.py took 1.915 seconds
[2025-11-07T14:15:45.874+0000] {processor.py:186} INFO - Started process (PID=249) to work on /opt/airflow/dags/milvus_semantic_dag.py
[2025-11-07T14:15:45.875+0000] {processor.py:914} INFO - Processing file /opt/airflow/dags/milvus_semantic_dag.py for tasks to queue
[2025-11-07T14:15:45.897+0000] {logging_mixin.py:190} INFO - [2025-11-07T14:15:45.894+0000] {dagbag.py:588} INFO - Filling up the DagBag from /opt/airflow/dags/milvus_semantic_dag.py
[2025-11-07T14:15:46.904+0000] {processor.py:925} INFO - DAG(s) 'milvus_semantic_dag' retrieved from /opt/airflow/dags/milvus_semantic_dag.py
[2025-11-07T14:15:47.005+0000] {logging_mixin.py:190} INFO - [2025-11-07T14:15:47.005+0000] {dag.py:3239} INFO - Sync 1 DAGs
[2025-11-07T14:15:47.028+0000] {logging_mixin.py:190} INFO - [2025-11-07T14:15:47.028+0000] {dag.py:4180} INFO - Setting next_dagrun for milvus_semantic_dag to None, run_after=None
[2025-11-07T14:15:47.067+0000] {processor.py:208} INFO - Processing /opt/airflow/dags/milvus_semantic_dag.py took 1.203 seconds
[2025-11-07T14:16:17.235+0000] {processor.py:186} INFO - Started process (PID=255) to work on /opt/airflow/dags/milvus_semantic_dag.py
[2025-11-07T14:16:17.236+0000] {processor.py:914} INFO - Processing file /opt/airflow/dags/milvus_semantic_dag.py for tasks to queue
[2025-11-07T14:16:17.239+0000] {logging_mixin.py:190} INFO - [2025-11-07T14:16:17.238+0000] {dagbag.py:588} INFO - Filling up the DagBag from /opt/airflow/dags/milvus_semantic_dag.py
[2025-11-07T14:16:17.900+0000] {processor.py:925} INFO - DAG(s) 'milvus_semantic_dag' retrieved from /opt/airflow/dags/milvus_semantic_dag.py
[2025-11-07T14:16:17.970+0000] {logging_mixin.py:190} INFO - [2025-11-07T14:16:17.970+0000] {dag.py:3239} INFO - Sync 1 DAGs
[2025-11-07T14:16:17.987+0000] {logging_mixin.py:190} INFO - [2025-11-07T14:16:17.986+0000] {dag.py:4180} INFO - Setting next_dagrun for milvus_semantic_dag to None, run_after=None
[2025-11-07T14:16:18.014+0000] {processor.py:208} INFO - Processing /opt/airflow/dags/milvus_semantic_dag.py took 0.784 seconds
