[2025-11-07T13:37:32.045+0000] {manager.py:483} INFO - Processing files using up to 2 processes at a time 
[2025-11-07T13:37:32.046+0000] {manager.py:484} INFO - Process each file at most once every 30 seconds
[2025-11-07T13:37:32.047+0000] {manager.py:485} INFO - Checking for new files in /opt/airflow/dags every 300 seconds
[2025-11-07T13:37:32.047+0000] {manager.py:821} INFO - Searching for files in /opt/airflow/dags
[2025-11-07T13:37:32.064+0000] {manager.py:824} INFO - There are 1 files in /opt/airflow/dags
[2025-11-07T13:37:32.250+0000] {manager.py:997} INFO - 
================================================================================
DAG File Processing Stats

File Path                                   PID  Runtime      # DAGs    # Errors  Last Runtime    Last Run      Last # of DB Queries
----------------------------------------  -----  ---------  --------  ----------  --------------  ----------  ----------------------
/opt/airflow/dags/milvus_semantic_dag.py    186  0.04s             0           0                                                   0
================================================================================
[2025-11-07T13:38:02.443+0000] {manager.py:997} INFO - 
================================================================================
DAG File Processing Stats

File Path                                 PID    Runtime      # DAGs    # Errors  Last Runtime    Last Run               Last # of DB Queries
----------------------------------------  -----  ---------  --------  ----------  --------------  -------------------  ----------------------
/opt/airflow/dags/milvus_semantic_dag.py                           1           0  2.39s           2025-11-07T13:37:34                      43
================================================================================
[2025-11-07T13:38:32.733+0000] {manager.py:997} INFO - 
================================================================================
DAG File Processing Stats

File Path                                   PID  Runtime      # DAGs    # Errors  Last Runtime    Last Run               Last # of DB Queries
----------------------------------------  -----  ---------  --------  ----------  --------------  -------------------  ----------------------
/opt/airflow/dags/milvus_semantic_dag.py    222  0.43s             1           0  2.74s           2025-11-07T13:38:07                      10
================================================================================
[2025-11-07T13:39:03.093+0000] {manager.py:997} INFO - 
================================================================================
DAG File Processing Stats

File Path                                 PID    Runtime      # DAGs    # Errors  Last Runtime    Last Run               Last # of DB Queries
----------------------------------------  -----  ---------  --------  ----------  --------------  -------------------  ----------------------
/opt/airflow/dags/milvus_semantic_dag.py                           1           0  7.23s           2025-11-07T13:38:39                      16
================================================================================
[2025-11-07T13:39:33.265+0000] {manager.py:997} INFO - 
================================================================================
DAG File Processing Stats

File Path                                 PID    Runtime      # DAGs    # Errors  Last Runtime    Last Run               Last # of DB Queries
----------------------------------------  -----  ---------  --------  ----------  --------------  -------------------  ----------------------
/opt/airflow/dags/milvus_semantic_dag.py                           1           0  7.35s           2025-11-07T13:39:17                      10
================================================================================
[2025-11-07T13:40:04.074+0000] {manager.py:997} INFO - 
================================================================================
DAG File Processing Stats

File Path                                 PID    Runtime      # DAGs    # Errors  Last Runtime    Last Run               Last # of DB Queries
----------------------------------------  -----  ---------  --------  ----------  --------------  -------------------  ----------------------
/opt/airflow/dags/milvus_semantic_dag.py                           1           0  4.81s           2025-11-07T13:39:52                      10
================================================================================
[2025-11-07T13:40:34.284+0000] {manager.py:997} INFO - 
================================================================================
DAG File Processing Stats

File Path                                 PID    Runtime      # DAGs    # Errors  Last Runtime    Last Run               Last # of DB Queries
----------------------------------------  -----  ---------  --------  ----------  --------------  -------------------  ----------------------
/opt/airflow/dags/milvus_semantic_dag.py                           1           0  1.89s           2025-11-07T13:40:25                      10
================================================================================
[2025-11-07T13:41:05.066+0000] {manager.py:997} INFO - 
================================================================================
DAG File Processing Stats

File Path                                 PID    Runtime      # DAGs    # Errors  Last Runtime    Last Run               Last # of DB Queries
----------------------------------------  -----  ---------  --------  ----------  --------------  -------------------  ----------------------
/opt/airflow/dags/milvus_semantic_dag.py                           1           0  3.13s           2025-11-07T13:40:59                      10
================================================================================
[2025-11-07T13:41:35.339+0000] {manager.py:997} INFO - 
================================================================================
DAG File Processing Stats

File Path                                 PID    Runtime      # DAGs    # Errors  Last Runtime    Last Run               Last # of DB Queries
----------------------------------------  -----  ---------  --------  ----------  --------------  -------------------  ----------------------
/opt/airflow/dags/milvus_semantic_dag.py                           1           0  2.14s           2025-11-07T13:41:31                      10
================================================================================
[2025-11-07T13:42:05.503+0000] {manager.py:997} INFO - 
================================================================================
DAG File Processing Stats

File Path                                 PID    Runtime      # DAGs    # Errors  Last Runtime    Last Run               Last # of DB Queries
----------------------------------------  -----  ---------  --------  ----------  --------------  -------------------  ----------------------
/opt/airflow/dags/milvus_semantic_dag.py                           1           0  0.93s           2025-11-07T13:42:02                      10
================================================================================
[2025-11-07T13:42:32.659+0000] {manager.py:821} INFO - Searching for files in /opt/airflow/dags
[2025-11-07T13:42:32.672+0000] {manager.py:824} INFO - There are 1 files in /opt/airflow/dags
[2025-11-07T13:42:35.686+0000] {manager.py:997} INFO - 
================================================================================
DAG File Processing Stats

File Path                                 PID    Runtime      # DAGs    # Errors  Last Runtime    Last Run               Last # of DB Queries
----------------------------------------  -----  ---------  --------  ----------  --------------  -------------------  ----------------------
/opt/airflow/dags/milvus_semantic_dag.py                           1           0  0.97s           2025-11-07T13:42:33                      10
================================================================================
[2025-11-07T13:43:05.787+0000] {manager.py:997} INFO - 
================================================================================
DAG File Processing Stats

File Path                                 PID    Runtime      # DAGs    # Errors  Last Runtime    Last Run               Last # of DB Queries
----------------------------------------  -----  ---------  --------  ----------  --------------  -------------------  ----------------------
/opt/airflow/dags/milvus_semantic_dag.py                           1           0  0.87s           2025-11-07T13:43:04                      10
================================================================================
[2025-11-07T13:43:35.802+0000] {manager.py:997} INFO - 
================================================================================
DAG File Processing Stats

File Path                                 PID    Runtime      # DAGs    # Errors  Last Runtime    Last Run               Last # of DB Queries
----------------------------------------  -----  ---------  --------  ----------  --------------  -------------------  ----------------------
/opt/airflow/dags/milvus_semantic_dag.py                           1           0  0.82s           2025-11-07T13:43:35                      10
================================================================================
[2025-11-07T13:44:06.112+0000] {manager.py:997} INFO - 
================================================================================
DAG File Processing Stats

File Path                                   PID  Runtime      # DAGs    # Errors  Last Runtime    Last Run               Last # of DB Queries
----------------------------------------  -----  ---------  --------  ----------  --------------  -------------------  ----------------------
/opt/airflow/dags/milvus_semantic_dag.py    283  0.03s             1           0  0.82s           2025-11-07T13:43:35                      10
================================================================================
[2025-11-07T13:44:36.605+0000] {manager.py:997} INFO - 
================================================================================
DAG File Processing Stats

File Path                                 PID    Runtime      # DAGs    # Errors  Last Runtime    Last Run               Last # of DB Queries
----------------------------------------  -----  ---------  --------  ----------  --------------  -------------------  ----------------------
/opt/airflow/dags/milvus_semantic_dag.py                           1           0  1.35s           2025-11-07T13:44:26                      16
================================================================================
[2025-11-07T13:45:06.802+0000] {manager.py:997} INFO - 
================================================================================
DAG File Processing Stats

File Path                                 PID    Runtime      # DAGs    # Errors  Last Runtime    Last Run               Last # of DB Queries
----------------------------------------  -----  ---------  --------  ----------  --------------  -------------------  ----------------------
/opt/airflow/dags/milvus_semantic_dag.py                           1           0  3.45s           2025-11-07T13:45:00                      10
================================================================================
[2025-11-07T13:45:37.442+0000] {manager.py:997} INFO - 
================================================================================
DAG File Processing Stats

File Path                                 PID    Runtime      # DAGs    # Errors  Last Runtime    Last Run               Last # of DB Queries
----------------------------------------  -----  ---------  --------  ----------  --------------  -------------------  ----------------------
/opt/airflow/dags/milvus_semantic_dag.py                           1           0  5.20s           2025-11-07T13:45:35                      10
================================================================================
[2025-11-07T13:46:08.175+0000] {manager.py:997} INFO - 
================================================================================
DAG File Processing Stats

File Path                                   PID  Runtime      # DAGs    # Errors  Last Runtime    Last Run               Last # of DB Queries
----------------------------------------  -----  ---------  --------  ----------  --------------  -------------------  ----------------------
/opt/airflow/dags/milvus_semantic_dag.py    330  2.04s             1           0  5.20s           2025-11-07T13:45:35                      10
================================================================================
[2025-11-07T13:46:38.981+0000] {manager.py:997} INFO - 
================================================================================
DAG File Processing Stats

File Path                                 PID    Runtime      # DAGs    # Errors  Last Runtime    Last Run               Last # of DB Queries
----------------------------------------  -----  ---------  --------  ----------  --------------  -------------------  ----------------------
/opt/airflow/dags/milvus_semantic_dag.py                           1           0  3.85s           2025-11-07T13:46:09                      10
================================================================================
[2025-11-07T13:47:09.104+0000] {manager.py:997} INFO - 
================================================================================
DAG File Processing Stats

File Path                                 PID    Runtime      # DAGs    # Errors  Last Runtime    Last Run               Last # of DB Queries
----------------------------------------  -----  ---------  --------  ----------  --------------  -------------------  ----------------------
/opt/airflow/dags/milvus_semantic_dag.py                           1           0  4.59s           2025-11-07T13:46:44                      10
================================================================================
[2025-11-07T13:47:33.168+0000] {manager.py:821} INFO - Searching for files in /opt/airflow/dags
[2025-11-07T13:47:33.183+0000] {manager.py:824} INFO - There are 1 files in /opt/airflow/dags
[2025-11-07T13:47:39.268+0000] {manager.py:997} INFO - 
================================================================================
DAG File Processing Stats

File Path                                 PID    Runtime      # DAGs    # Errors  Last Runtime    Last Run               Last # of DB Queries
----------------------------------------  -----  ---------  --------  ----------  --------------  -------------------  ----------------------
/opt/airflow/dags/milvus_semantic_dag.py                           1           0  0.86s           2025-11-07T13:47:11                      10
================================================================================
[2025-11-07T13:48:09.321+0000] {manager.py:997} INFO - 
================================================================================
DAG File Processing Stats

File Path                                 PID    Runtime      # DAGs    # Errors  Last Runtime    Last Run               Last # of DB Queries
----------------------------------------  -----  ---------  --------  ----------  --------------  -------------------  ----------------------
/opt/airflow/dags/milvus_semantic_dag.py                           1           0  0.69s           2025-11-07T13:47:42                      10
================================================================================
[2025-11-07T13:48:39.504+0000] {manager.py:997} INFO - 
================================================================================
DAG File Processing Stats

File Path                                 PID    Runtime      # DAGs    # Errors  Last Runtime    Last Run               Last # of DB Queries
----------------------------------------  -----  ---------  --------  ----------  --------------  -------------------  ----------------------
/opt/airflow/dags/milvus_semantic_dag.py                           1           0  0.94s           2025-11-07T13:48:14                      10
================================================================================
[2025-11-07T13:49:09.751+0000] {manager.py:997} INFO - 
================================================================================
DAG File Processing Stats

File Path                                 PID    Runtime      # DAGs    # Errors  Last Runtime    Last Run               Last # of DB Queries
----------------------------------------  -----  ---------  --------  ----------  --------------  -------------------  ----------------------
/opt/airflow/dags/milvus_semantic_dag.py                           1           0  2.06s           2025-11-07T13:48:46                      10
================================================================================
[2025-11-07T13:49:39.844+0000] {manager.py:997} INFO - 
================================================================================
DAG File Processing Stats

File Path                                 PID    Runtime      # DAGs    # Errors  Last Runtime    Last Run               Last # of DB Queries
----------------------------------------  -----  ---------  --------  ----------  --------------  -------------------  ----------------------
/opt/airflow/dags/milvus_semantic_dag.py                           1           0  2.87s           2025-11-07T13:49:19                      10
================================================================================
[2025-11-07T13:50:09.846+0000] {manager.py:997} INFO - 
================================================================================
DAG File Processing Stats

File Path                                 PID    Runtime      # DAGs    # Errors  Last Runtime    Last Run               Last # of DB Queries
----------------------------------------  -----  ---------  --------  ----------  --------------  -------------------  ----------------------
/opt/airflow/dags/milvus_semantic_dag.py                           1           0  0.81s           2025-11-07T13:49:50                      10
================================================================================
[2025-11-07T13:50:40.375+0000] {manager.py:997} INFO - 
================================================================================
DAG File Processing Stats

File Path                                 PID    Runtime      # DAGs    # Errors  Last Runtime    Last Run               Last # of DB Queries
----------------------------------------  -----  ---------  --------  ----------  --------------  -------------------  ----------------------
/opt/airflow/dags/milvus_semantic_dag.py                           1           0  0.94s           2025-11-07T13:50:35                      10
================================================================================
[2025-11-07T13:50:43.015+0000] {manager.py:465} INFO - Exiting gracefully upon receiving signal 15
[2025-11-07T13:54:39.737+0000] {manager.py:483} INFO - Processing files using up to 2 processes at a time 
[2025-11-07T13:54:39.738+0000] {manager.py:484} INFO - Process each file at most once every 30 seconds
[2025-11-07T13:54:39.739+0000] {manager.py:485} INFO - Checking for new files in /opt/airflow/dags every 300 seconds
[2025-11-07T13:54:39.739+0000] {manager.py:821} INFO - Searching for files in /opt/airflow/dags
[2025-11-07T13:54:39.763+0000] {manager.py:824} INFO - There are 1 files in /opt/airflow/dags
[2025-11-07T13:54:39.971+0000] {manager.py:997} INFO - 
================================================================================
DAG File Processing Stats

File Path                                   PID  Runtime      # DAGs    # Errors  Last Runtime    Last Run      Last # of DB Queries
----------------------------------------  -----  ---------  --------  ----------  --------------  ----------  ----------------------
/opt/airflow/dags/milvus_semantic_dag.py    186  0.04s             0           0                                                   0
================================================================================
[2025-11-07T13:55:10.259+0000] {manager.py:997} INFO - 
================================================================================
DAG File Processing Stats

File Path                                 PID    Runtime      # DAGs    # Errors  Last Runtime    Last Run               Last # of DB Queries
----------------------------------------  -----  ---------  --------  ----------  --------------  -------------------  ----------------------
/opt/airflow/dags/milvus_semantic_dag.py                           1           0  4.21s           2025-11-07T13:54:44                      10
================================================================================
[2025-11-07T13:55:40.501+0000] {manager.py:997} INFO - 
================================================================================
DAG File Processing Stats

File Path                                 PID    Runtime      # DAGs    # Errors  Last Runtime    Last Run               Last # of DB Queries
----------------------------------------  -----  ---------  --------  ----------  --------------  -------------------  ----------------------
/opt/airflow/dags/milvus_semantic_dag.py                           1           0  1.77s           2025-11-07T13:55:16                      10
================================================================================
[2025-11-07T13:56:10.615+0000] {manager.py:997} INFO - 
================================================================================
DAG File Processing Stats

File Path                                 PID    Runtime      # DAGs    # Errors  Last Runtime    Last Run               Last # of DB Queries
----------------------------------------  -----  ---------  --------  ----------  --------------  -------------------  ----------------------
/opt/airflow/dags/milvus_semantic_dag.py                           1           0  0.79s           2025-11-07T13:55:47                      10
================================================================================
[2025-11-07T13:56:40.921+0000] {manager.py:997} INFO - 
================================================================================
DAG File Processing Stats

File Path                                 PID    Runtime      # DAGs    # Errors  Last Runtime    Last Run               Last # of DB Queries
----------------------------------------  -----  ---------  --------  ----------  --------------  -------------------  ----------------------
/opt/airflow/dags/milvus_semantic_dag.py                           1           0  1.24s           2025-11-07T13:56:18                      10
================================================================================
[2025-11-07T13:57:11.678+0000] {manager.py:997} INFO - 
================================================================================
DAG File Processing Stats

File Path                                 PID    Runtime      # DAGs    # Errors  Last Runtime    Last Run               Last # of DB Queries
----------------------------------------  -----  ---------  --------  ----------  --------------  -------------------  ----------------------
/opt/airflow/dags/milvus_semantic_dag.py                           1           0  0.90s           2025-11-07T13:57:01                      22
================================================================================
[2025-11-07T13:57:42.123+0000] {manager.py:997} INFO - 
================================================================================
DAG File Processing Stats

File Path                                 PID    Runtime      # DAGs    # Errors  Last Runtime    Last Run               Last # of DB Queries
----------------------------------------  -----  ---------  --------  ----------  --------------  -------------------  ----------------------
/opt/airflow/dags/milvus_semantic_dag.py                           1           0  1.08s           2025-11-07T13:57:33                      10
================================================================================
[2025-11-07T13:58:12.465+0000] {manager.py:997} INFO - 
================================================================================
DAG File Processing Stats

File Path                                 PID    Runtime      # DAGs    # Errors  Last Runtime    Last Run               Last # of DB Queries
----------------------------------------  -----  ---------  --------  ----------  --------------  -------------------  ----------------------
/opt/airflow/dags/milvus_semantic_dag.py                           1           0  1.42s           2025-11-07T13:58:04                      10
================================================================================
[2025-11-07T13:58:42.715+0000] {manager.py:997} INFO - 
================================================================================
DAG File Processing Stats

File Path                                 PID    Runtime      # DAGs    # Errors  Last Runtime    Last Run               Last # of DB Queries
----------------------------------------  -----  ---------  --------  ----------  --------------  -------------------  ----------------------
/opt/airflow/dags/milvus_semantic_dag.py                           1           0  0.97s           2025-11-07T13:58:36                      10
================================================================================
[2025-11-07T13:59:12.993+0000] {manager.py:997} INFO - 
================================================================================
DAG File Processing Stats

File Path                                 PID    Runtime      # DAGs    # Errors  Last Runtime    Last Run               Last # of DB Queries
----------------------------------------  -----  ---------  --------  ----------  --------------  -------------------  ----------------------
/opt/airflow/dags/milvus_semantic_dag.py                           1           0  1.00s           2025-11-07T13:59:07                      10
================================================================================
[2025-11-07T13:59:39.785+0000] {manager.py:821} INFO - Searching for files in /opt/airflow/dags
[2025-11-07T13:59:39.807+0000] {manager.py:824} INFO - There are 1 files in /opt/airflow/dags
[2025-11-07T13:59:43.746+0000] {manager.py:997} INFO - 
================================================================================
DAG File Processing Stats

File Path                                 PID    Runtime      # DAGs    # Errors  Last Runtime    Last Run               Last # of DB Queries
----------------------------------------  -----  ---------  --------  ----------  --------------  -------------------  ----------------------
/opt/airflow/dags/milvus_semantic_dag.py                           1           0  1.09s           2025-11-07T13:59:38                      10
================================================================================
[2025-11-07T14:00:13.872+0000] {manager.py:997} INFO - 
================================================================================
DAG File Processing Stats

File Path                                 PID    Runtime      # DAGs    # Errors  Last Runtime    Last Run               Last # of DB Queries
----------------------------------------  -----  ---------  --------  ----------  --------------  -------------------  ----------------------
/opt/airflow/dags/milvus_semantic_dag.py                           1           0  0.85s           2025-11-07T14:00:09                      10
================================================================================
[2025-11-07T14:00:44.044+0000] {manager.py:997} INFO - 
================================================================================
DAG File Processing Stats

File Path                                 PID    Runtime      # DAGs    # Errors  Last Runtime    Last Run               Last # of DB Queries
----------------------------------------  -----  ---------  --------  ----------  --------------  -------------------  ----------------------
/opt/airflow/dags/milvus_semantic_dag.py                           1           0  0.82s           2025-11-07T14:00:41                      10
================================================================================
[2025-11-07T14:01:14.100+0000] {manager.py:997} INFO - 
================================================================================
DAG File Processing Stats

File Path                                 PID    Runtime      # DAGs    # Errors  Last Runtime    Last Run               Last # of DB Queries
----------------------------------------  -----  ---------  --------  ----------  --------------  -------------------  ----------------------
/opt/airflow/dags/milvus_semantic_dag.py                           1           0  0.74s           2025-11-07T14:01:12                      10
================================================================================
[2025-11-07T14:01:44.409+0000] {manager.py:997} INFO - 
================================================================================
DAG File Processing Stats

File Path                                   PID  Runtime      # DAGs    # Errors  Last Runtime    Last Run               Last # of DB Queries
----------------------------------------  -----  ---------  --------  ----------  --------------  -------------------  ----------------------
/opt/airflow/dags/milvus_semantic_dag.py    294  2.04s             1           0  0.74s           2025-11-07T14:01:12                      10
================================================================================
[2025-11-07T14:02:19.809+0000] {manager.py:997} INFO - 
================================================================================
DAG File Processing Stats

File Path                                 PID    Runtime      # DAGs    # Errors  Last Runtime    Last Run               Last # of DB Queries
----------------------------------------  -----  ---------  --------  ----------  --------------  -------------------  ----------------------
/opt/airflow/dags/milvus_semantic_dag.py                           1           0  2.70s           2025-11-07T14:01:45                      10
================================================================================
[2025-11-07T14:02:53.572+0000] {manager.py:997} INFO - 
================================================================================
DAG File Processing Stats

File Path                                 PID    Runtime      # DAGs    # Errors  Last Runtime    Last Run               Last # of DB Queries
----------------------------------------  -----  ---------  --------  ----------  --------------  -------------------  ----------------------
/opt/airflow/dags/milvus_semantic_dag.py                           1           0  19.98s          2025-11-07T14:02:44                      10
================================================================================
[2025-11-07T14:03:24.757+0000] {manager.py:997} INFO - 
================================================================================
DAG File Processing Stats

File Path                                 PID    Runtime      # DAGs    # Errors  Last Runtime    Last Run               Last # of DB Queries
----------------------------------------  -----  ---------  --------  ----------  --------------  -------------------  ----------------------
/opt/airflow/dags/milvus_semantic_dag.py                           1           0  2.84s           2025-11-07T14:03:17                      10
================================================================================
[2025-11-07T14:03:55.040+0000] {manager.py:997} INFO - 
================================================================================
DAG File Processing Stats

File Path                                 PID    Runtime      # DAGs    # Errors  Last Runtime    Last Run               Last # of DB Queries
----------------------------------------  -----  ---------  --------  ----------  --------------  -------------------  ----------------------
/opt/airflow/dags/milvus_semantic_dag.py                           1           0  0.96s           2025-11-07T14:03:48                      10
================================================================================
[2025-11-07T14:04:25.675+0000] {manager.py:997} INFO - 
================================================================================
DAG File Processing Stats

File Path                                 PID    Runtime      # DAGs    # Errors  Last Runtime    Last Run               Last # of DB Queries
----------------------------------------  -----  ---------  --------  ----------  --------------  -------------------  ----------------------
/opt/airflow/dags/milvus_semantic_dag.py                           1           0  1.62s           2025-11-07T14:04:20                      10
================================================================================
[2025-11-07T14:04:40.020+0000] {manager.py:821} INFO - Searching for files in /opt/airflow/dags
[2025-11-07T14:04:40.036+0000] {manager.py:824} INFO - There are 1 files in /opt/airflow/dags
[2025-11-07T14:04:55.853+0000] {manager.py:997} INFO - 
================================================================================
DAG File Processing Stats

File Path                                 PID    Runtime      # DAGs    # Errors  Last Runtime    Last Run               Last # of DB Queries
----------------------------------------  -----  ---------  --------  ----------  --------------  -------------------  ----------------------
/opt/airflow/dags/milvus_semantic_dag.py                           1           0  0.77s           2025-11-07T14:04:51                      10
================================================================================
[2025-11-07T14:05:26.009+0000] {manager.py:997} INFO - 
================================================================================
DAG File Processing Stats

File Path                                 PID    Runtime      # DAGs    # Errors  Last Runtime    Last Run               Last # of DB Queries
----------------------------------------  -----  ---------  --------  ----------  --------------  -------------------  ----------------------
/opt/airflow/dags/milvus_semantic_dag.py                           1           0  0.78s           2025-11-07T14:05:22                      10
================================================================================
[2025-11-07T14:05:56.527+0000] {manager.py:997} INFO - 
================================================================================
DAG File Processing Stats

File Path                                 PID    Runtime      # DAGs    # Errors  Last Runtime    Last Run               Last # of DB Queries
----------------------------------------  -----  ---------  --------  ----------  --------------  -------------------  ----------------------
/opt/airflow/dags/milvus_semantic_dag.py                           1           0  1.37s           2025-11-07T14:05:54                      10
================================================================================
[2025-11-07T14:06:26.841+0000] {manager.py:997} INFO - 
================================================================================
DAG File Processing Stats

File Path                                 PID    Runtime      # DAGs    # Errors  Last Runtime    Last Run               Last # of DB Queries
----------------------------------------  -----  ---------  --------  ----------  --------------  -------------------  ----------------------
/opt/airflow/dags/milvus_semantic_dag.py                           1           0  0.66s           2025-11-07T14:06:25                      10
================================================================================
[2025-11-07T14:06:57.082+0000] {manager.py:997} INFO - 
================================================================================
DAG File Processing Stats

File Path                                 PID    Runtime      # DAGs    # Errors  Last Runtime    Last Run               Last # of DB Queries
----------------------------------------  -----  ---------  --------  ----------  --------------  -------------------  ----------------------
/opt/airflow/dags/milvus_semantic_dag.py                           1           0  1.39s           2025-11-07T14:06:57                      10
================================================================================
[2025-11-07T14:07:27.356+0000] {manager.py:997} INFO - 
================================================================================
DAG File Processing Stats

File Path                                   PID  Runtime      # DAGs    # Errors  Last Runtime    Last Run               Last # of DB Queries
----------------------------------------  -----  ---------  --------  ----------  --------------  -------------------  ----------------------
/opt/airflow/dags/milvus_semantic_dag.py    354  0.01s             1           0  1.39s           2025-11-07T14:06:57                      10
================================================================================
[2025-11-07T14:07:57.363+0000] {manager.py:997} INFO - 
================================================================================
DAG File Processing Stats

File Path                                 PID    Runtime      # DAGs    # Errors  Last Runtime    Last Run               Last # of DB Queries
----------------------------------------  -----  ---------  --------  ----------  --------------  -------------------  ----------------------
/opt/airflow/dags/milvus_semantic_dag.py                           1           0  0.79s           2025-11-07T14:07:28                      10
================================================================================
[2025-11-07T14:08:25.624+0000] {manager.py:465} INFO - Exiting gracefully upon receiving signal 15
[2025-11-07T14:12:09.365+0000] {manager.py:483} INFO - Processing files using up to 2 processes at a time 
[2025-11-07T14:12:09.366+0000] {manager.py:484} INFO - Process each file at most once every 30 seconds
[2025-11-07T14:12:09.366+0000] {manager.py:485} INFO - Checking for new files in /opt/airflow/dags every 300 seconds
[2025-11-07T14:12:09.367+0000] {manager.py:821} INFO - Searching for files in /opt/airflow/dags
[2025-11-07T14:12:09.384+0000] {manager.py:824} INFO - There are 1 files in /opt/airflow/dags
[2025-11-07T14:12:09.580+0000] {manager.py:997} INFO - 
================================================================================
DAG File Processing Stats

File Path                                   PID  Runtime      # DAGs    # Errors  Last Runtime    Last Run      Last # of DB Queries
----------------------------------------  -----  ---------  --------  ----------  --------------  ----------  ----------------------
/opt/airflow/dags/milvus_semantic_dag.py    186  0.04s             0           0                                                   0
================================================================================
[2025-11-07T14:12:39.762+0000] {manager.py:997} INFO - 
================================================================================
DAG File Processing Stats

File Path                                 PID    Runtime      # DAGs    # Errors  Last Runtime    Last Run               Last # of DB Queries
----------------------------------------  -----  ---------  --------  ----------  --------------  -------------------  ----------------------
/opt/airflow/dags/milvus_semantic_dag.py                           1           0  2.61s           2025-11-07T14:12:12                      10
================================================================================
[2025-11-07T14:13:09.957+0000] {manager.py:997} INFO - 
================================================================================
DAG File Processing Stats

File Path                                 PID    Runtime      # DAGs    # Errors  Last Runtime    Last Run               Last # of DB Queries
----------------------------------------  -----  ---------  --------  ----------  --------------  -------------------  ----------------------
/opt/airflow/dags/milvus_semantic_dag.py                           1           0  7.83s           2025-11-07T14:12:50                      10
================================================================================
[2025-11-07T14:13:40.711+0000] {manager.py:997} INFO - 
================================================================================
DAG File Processing Stats

File Path                                 PID    Runtime      # DAGs    # Errors  Last Runtime    Last Run               Last # of DB Queries
----------------------------------------  -----  ---------  --------  ----------  --------------  -------------------  ----------------------
/opt/airflow/dags/milvus_semantic_dag.py                           1           0  17.23s          2025-11-07T14:13:38                      10
================================================================================
[2025-11-07T14:14:11.158+0000] {manager.py:997} INFO - 
================================================================================
DAG File Processing Stats

File Path                                   PID  Runtime      # DAGs    # Errors  Last Runtime    Last Run               Last # of DB Queries
----------------------------------------  -----  ---------  --------  ----------  --------------  -------------------  ----------------------
/opt/airflow/dags/milvus_semantic_dag.py    231  2.09s             1           0  17.23s          2025-11-07T14:13:38                      10
================================================================================
[2025-11-07T14:14:41.513+0000] {manager.py:997} INFO - 
================================================================================
DAG File Processing Stats

File Path                                 PID    Runtime      # DAGs    # Errors  Last Runtime    Last Run               Last # of DB Queries
----------------------------------------  -----  ---------  --------  ----------  --------------  -------------------  ----------------------
/opt/airflow/dags/milvus_semantic_dag.py                           1           0  2.88s           2025-11-07T14:14:11                      10
================================================================================
[2025-11-07T14:15:12.351+0000] {manager.py:997} INFO - 
================================================================================
DAG File Processing Stats

File Path                                 PID    Runtime      # DAGs    # Errors  Last Runtime    Last Run               Last # of DB Queries
----------------------------------------  -----  ---------  --------  ----------  --------------  -------------------  ----------------------
/opt/airflow/dags/milvus_semantic_dag.py                           1           0  1.18s           2025-11-07T14:14:43                      10
================================================================================
[2025-11-07T14:15:42.802+0000] {manager.py:997} INFO - 
================================================================================
DAG File Processing Stats

File Path                                 PID    Runtime      # DAGs    # Errors  Last Runtime    Last Run               Last # of DB Queries
----------------------------------------  -----  ---------  --------  ----------  --------------  -------------------  ----------------------
/opt/airflow/dags/milvus_semantic_dag.py                           1           0  2.18s           2025-11-07T14:15:15                      10
================================================================================
[2025-11-07T14:16:13.173+0000] {manager.py:997} INFO - 
================================================================================
DAG File Processing Stats

File Path                                 PID    Runtime      # DAGs    # Errors  Last Runtime    Last Run               Last # of DB Queries
----------------------------------------  -----  ---------  --------  ----------  --------------  -------------------  ----------------------
/opt/airflow/dags/milvus_semantic_dag.py                           1           0  1.25s           2025-11-07T14:15:47                      10
================================================================================
[2025-11-07T14:16:29.839+0000] {manager.py:465} INFO - Exiting gracefully upon receiving signal 15
