[2025-11-07T14:12:23.993+0000] {local_task_job_runner.py:123} INFO - ::group::Pre task execution logs
[2025-11-07T14:12:24.076+0000] {taskinstance.py:2612} INFO - Dependencies all met for dep_context=non-requeueable deps ti=<TaskInstance: milvus_semantic_dag.run_milvus_pipeline manual__2025-11-07T14:12:20.486047+00:00 [queued]>
[2025-11-07T14:12:24.084+0000] {taskinstance.py:2612} INFO - Dependencies all met for dep_context=requeueable deps ti=<TaskInstance: milvus_semantic_dag.run_milvus_pipeline manual__2025-11-07T14:12:20.486047+00:00 [queued]>
[2025-11-07T14:12:24.085+0000] {taskinstance.py:2865} INFO - Starting attempt 1 of 1
[2025-11-07T14:12:24.099+0000] {taskinstance.py:2888} INFO - Executing <Task(PythonOperator): run_milvus_pipeline> on 2025-11-07 14:12:20.486047+00:00
[2025-11-07T14:12:24.118+0000] {logging_mixin.py:190} WARNING - /home/***/.local/lib/python3.12/site-packages/***/task/task_runner/standard_task_runner.py:70 DeprecationWarning: This process (pid=192) is multi-threaded, use of fork() may lead to deadlocks in the child.
[2025-11-07T14:12:24.119+0000] {standard_task_runner.py:72} INFO - Started process 194 to run task
[2025-11-07T14:12:24.118+0000] {standard_task_runner.py:104} INFO - Running: ['***', 'tasks', 'run', 'milvus_semantic_dag', 'run_milvus_pipeline', 'manual__2025-11-07T14:12:20.486047+00:00', '--job-id', '7', '--raw', '--subdir', 'DAGS_FOLDER/milvus_semantic_dag.py', '--cfg-path', '/tmp/tmp7yu6e2yu']
[2025-11-07T14:12:24.121+0000] {standard_task_runner.py:105} INFO - Job 7: Subtask run_milvus_pipeline
[2025-11-07T14:12:24.214+0000] {logging_mixin.py:190} WARNING - /home/***/.local/lib/python3.12/site-packages/***/settings.py:209 DeprecationWarning: The sql_alchemy_conn option in [core] has been moved to the sql_alchemy_conn option in [database] - the old setting has been used, but please update your config.
[2025-11-07T14:12:24.463+0000] {task_command.py:467} INFO - Running <TaskInstance: milvus_semantic_dag.run_milvus_pipeline manual__2025-11-07T14:12:20.486047+00:00 [running]> on host 3c70c8d662a0
[2025-11-07T14:12:24.814+0000] {taskinstance.py:3131} INFO - Exporting env vars: AIRFLOW_CTX_DAG_OWNER='***' AIRFLOW_CTX_DAG_ID='milvus_semantic_dag' AIRFLOW_CTX_TASK_ID='run_milvus_pipeline' AIRFLOW_CTX_EXECUTION_DATE='2025-11-07T14:12:20.486047+00:00' AIRFLOW_CTX_TRY_NUMBER='1' AIRFLOW_CTX_DAG_RUN_ID='manual__2025-11-07T14:12:20.486047+00:00'
[2025-11-07T14:12:24.816+0000] {taskinstance.py:731} INFO - ::endgroup::
[2025-11-07T14:12:24.861+0000] {logging_mixin.py:190} INFO - ✅ Loaded environment variables from /opt/***/.env
[2025-11-07T14:12:24.862+0000] {logging_mixin.py:190} INFO - 🌍 Running in CLOUD mode
[2025-11-07T14:12:24.863+0000] {logging_mixin.py:190} INFO - Connecting to Milvus Cloud at https://in03-6fed7b2904ca5bf.serverless.aws-eu-central-1.cloud.zilliz.com ...
[2025-11-07T14:12:29.364+0000] {logging_mixin.py:190} INFO - ✅ Connected successfully!
[2025-11-07T14:12:32.664+0000] {logging_mixin.py:190} INFO - 🆕 Creating collection 'semantic_search'...
[2025-11-07T14:12:34.565+0000] {logging_mixin.py:190} INFO - ✅ Collection created.
[2025-11-07T14:12:34.574+0000] {logging_mixin.py:190} INFO - 📥 Inserting data...
[2025-11-07T14:12:38.758+0000] {logging_mixin.py:190} INFO - ✅ Inserted 5 documents and flushed to storage.
[2025-11-07T14:12:38.759+0000] {logging_mixin.py:190} INFO - ⚙️ Creating index and loading collection...
[2025-11-07T14:12:46.551+0000] {logging_mixin.py:190} INFO - 
🔍 Semantic Search Results:
[2025-11-07T14:12:46.562+0000] {logging_mixin.py:190} INFO -  - 🧩 Vector Database (distance=20.3106)
[2025-11-07T14:12:46.564+0000] {logging_mixin.py:190} INFO -    ↳ A database optimized for storing and searching vector embeddings.
[2025-11-07T14:12:46.565+0000] {logging_mixin.py:190} INFO -  - 🧩 Cloud Computing (distance=20.3572)
[2025-11-07T14:12:46.566+0000] {logging_mixin.py:190} INFO -    ↳ Delivering computing services over the internet.
[2025-11-07T14:12:46.568+0000] {logging_mixin.py:190} INFO -  - 🧩 Neural Network (distance=20.6080)
[2025-11-07T14:12:46.572+0000] {logging_mixin.py:190} INFO -    ↳ A computational model inspired by the human brain.
[2025-11-07T14:12:47.104+0000] {logging_mixin.py:190} INFO - 📊 Total entities in collection: 5
[2025-11-07T14:12:47.111+0000] {python.py:240} INFO - Done. Returned value was: None
[2025-11-07T14:12:47.418+0000] {taskinstance.py:340} INFO - ::group::Post task execution logs
[2025-11-07T14:12:47.424+0000] {taskinstance.py:352} INFO - Marking task as SUCCESS. dag_id=milvus_semantic_dag, task_id=run_milvus_pipeline, run_id=manual__2025-11-07T14:12:20.486047+00:00, execution_date=20251107T141220, start_date=20251107T141224, end_date=20251107T141247
[2025-11-07T14:12:47.694+0000] {local_task_job_runner.py:266} INFO - Task exited with return code 0
[2025-11-07T14:12:48.060+0000] {taskinstance.py:3900} INFO - 0 downstream tasks scheduled from follow-on schedule check
[2025-11-07T14:12:48.064+0000] {local_task_job_runner.py:245} INFO - ::endgroup::
